{"C:\\Users\\mzani\\OneDrive\\Desktop\\NODE-Auth\\src\\index.ts": {"path":"C:\\Users\\mzani\\OneDrive\\Desktop\\NODE-Auth\\src\\index.ts","statementMap":{"0":{"start":{"line":1,"column":0},"end":{"line":1,"column":41}},"1":{"start":{"line":2,"column":0},"end":{"line":2,"column":30}},"2":{"start":{"line":3,"column":0},"end":{"line":3,"column":52}},"3":{"start":{"line":4,"column":0},"end":{"line":4,"column":52}},"4":{"start":{"line":5,"column":0},"end":{"line":5,"column":61}},"5":{"start":{"line":6,"column":0},"end":{"line":6,"column":28}},"6":{"start":{"line":7,"column":0},"end":{"line":7,"column":24}},"7":{"start":{"line":8,"column":0},"end":{"line":8,"column":53}},"8":{"start":{"line":9,"column":0},"end":{"line":9,"column":74}},"9":{"start":{"line":10,"column":0},"end":{"line":10,"column":46}},"10":{"start":{"line":11,"column":0},"end":{"line":11,"column":59}},"11":{"start":{"line":12,"column":12},"end":{"line":12,"column":21}},"12":{"start":{"line":14,"column":0},"end":{"line":14,"column":24}},"13":{"start":{"line":15,"column":0},"end":{"line":15,"column":26}},"14":{"start":{"line":16,"column":0},"end":{"line":16,"column":48}},"15":{"start":{"line":17,"column":0},"end":{"line":22,"column":2}},"16":{"start":{"line":23,"column":0},"end":{"line":23,"column":24}},"17":{"start":{"line":24,"column":16},"end":{"line":24,"column":37}},"18":{"start":{"line":25,"column":0},"end":{"line":25,"column":39}},"19":{"start":{"line":26,"column":0},"end":{"line":26,"column":54}},"20":{"start":{"line":27,"column":0},"end":{"line":27,"column":60}},"21":{"start":{"line":29,"column":0},"end":{"line":29,"column":22}},"22":{"start":{"line":31,"column":0},"end":{"line":31,"column":17}},"23":{"start":{"line":33,"column":0},"end":{"line":33,"column":19}}},"fnMap":{},"branchMap":{},"s":{"0":3,"1":3,"2":3,"3":3,"4":3,"5":3,"6":3,"7":3,"8":3,"9":3,"10":3,"11":3,"12":3,"13":3,"14":3,"15":3,"16":3,"17":3,"18":3,"19":3,"20":3,"21":3,"22":3,"23":3},"f":{},"b":{}}
,"C:\\Users\\mzani\\OneDrive\\Desktop\\NODE-Auth\\src\\E2ETests\\__test__\\db-handler.ts": {"path":"C:\\Users\\mzani\\OneDrive\\Desktop\\NODE-Auth\\src\\E2ETests\\__test__\\db-handler.ts","statementMap":{"0":{"start":{"line":1,"column":0},"end":{"line":1,"column":32}},"1":{"start":{"line":2,"column":0},"end":{"line":2,"column":58}},"2":{"start":{"line":5,"column":25},"end":{"line":9,"column":1}},"3":{"start":{"line":6,"column":2},"end":{"line":6,"column":49}},"4":{"start":{"line":7,"column":19},"end":{"line":7,"column":39}},"5":{"start":{"line":8,"column":2},"end":{"line":8,"column":35}},"6":{"start":{"line":5,"column":13},"end":{"line":5,"column":25}},"7":{"start":{"line":10,"column":23},"end":{"line":19,"column":1}},"8":{"start":{"line":11,"column":22},"end":{"line":11,"column":53}},"9":{"start":{"line":13,"column":2},"end":{"line":16,"column":3}},"10":{"start":{"line":14,"column":23},"end":{"line":14,"column":39}},"11":{"start":{"line":15,"column":4},"end":{"line":15,"column":36}},"12":{"start":{"line":17,"column":2},"end":{"line":17,"column":30}},"13":{"start":{"line":18,"column":2},"end":{"line":18,"column":27}},"14":{"start":{"line":10,"column":13},"end":{"line":10,"column":23}}},"fnMap":{"0":{"name":"(anonymous_1)","decl":{"start":{"line":5,"column":25},"end":{"line":5,"column":30}},"loc":{"start":{"line":5,"column":36},"end":{"line":9,"column":1}}},"1":{"name":"(anonymous_2)","decl":{"start":{"line":10,"column":23},"end":{"line":10,"column":28}},"loc":{"start":{"line":10,"column":34},"end":{"line":19,"column":1}}}},"branchMap":{},"s":{"0":3,"1":3,"2":3,"3":3,"4":3,"5":3,"6":3,"7":3,"8":3,"9":3,"10":9,"11":9,"12":3,"13":3,"14":3},"f":{"0":3,"1":3},"b":{}}
,"C:\\Users\\mzani\\OneDrive\\Desktop\\NODE-Auth\\src\\auth\\controller\\authController.ts": {"path":"C:\\Users\\mzani\\OneDrive\\Desktop\\NODE-Auth\\src\\auth\\controller\\authController.ts","statementMap":{"0":{"start":{"line":1,"column":0},"end":{"line":1,"column":56}},"1":{"start":{"line":3,"column":0},"end":{"line":3,"column":58}},"2":{"start":{"line":4,"column":0},"end":{"line":4,"column":66}},"3":{"start":{"line":5,"column":0},"end":{"line":5,"column":69}},"4":{"start":{"line":6,"column":0},"end":{"line":6,"column":62}},"5":{"start":{"line":8,"column":0},"end":{"line":8,"column":null}},"6":{"start":{"line":16,"column":0},"end":{"line":16,"column":56}},"7":{"start":{"line":17,"column":0},"end":{"line":17,"column":55}},"8":{"start":{"line":18,"column":0},"end":{"line":18,"column":46}},"9":{"start":{"line":19,"column":0},"end":{"line":19,"column":54}},"10":{"start":{"line":20,"column":0},"end":{"line":20,"column":58}},"11":{"start":{"line":22,"column":13},"end":{"line":32,"column":3}},"12":{"start":{"line":24,"column":18},"end":{"line":24,"column":93}},"13":{"start":{"line":26,"column":46},"end":{"line":26,"column":78}},"14":{"start":{"line":28,"column":2},"end":{"line":31,"column":5}},"15":{"start":{"line":34,"column":13},"end":{"line":43,"column":3}},"16":{"start":{"line":36,"column":18},"end":{"line":36,"column":90}},"17":{"start":{"line":38,"column":40},"end":{"line":38,"column":71}},"18":{"start":{"line":40,"column":2},"end":{"line":42,"column":5}},"19":{"start":{"line":45,"column":13},"end":{"line":53,"column":3}},"20":{"start":{"line":46,"column":22},"end":{"line":46,"column":60}},"21":{"start":{"line":47,"column":2},"end":{"line":47,"column":85}},"22":{"start":{"line":48,"column":18},"end":{"line":48,"column":54}},"23":{"start":{"line":50,"column":2},"end":{"line":50,"column":67}},"24":{"start":{"line":52,"column":2},"end":{"line":52,"column":113}},"25":{"start":{"line":55,"column":13},"end":{"line":61,"column":3}},"26":{"start":{"line":56,"column":27},"end":{"line":56,"column":68}},"27":{"start":{"line":57,"column":2},"end":{"line":57,"column":49}},"28":{"start":{"line":58,"column":2},"end":{"line":60,"column":5}},"29":{"start":{"line":63,"column":13},"end":{"line":69,"column":3}},"30":{"start":{"line":64,"column":16},"end":{"line":64,"column":49}},"31":{"start":{"line":65,"column":2},"end":{"line":65,"column":37}},"32":{"start":{"line":66,"column":2},"end":{"line":68,"column":5}},"33":{"start":{"line":70,"column":13},"end":{"line":76,"column":3}},"34":{"start":{"line":71,"column":19},"end":{"line":71,"column":51}},"35":{"start":{"line":72,"column":2},"end":{"line":72,"column":40}},"36":{"start":{"line":73,"column":2},"end":{"line":75,"column":5}},"37":{"start":{"line":78,"column":13},"end":{"line":88,"column":3}},"38":{"start":{"line":79,"column":23},"end":{"line":79,"column":69}},"39":{"start":{"line":80,"column":2},"end":{"line":80,"column":87}},"40":{"start":{"line":81,"column":43},"end":{"line":81,"column":92}},"41":{"start":{"line":82,"column":2},"end":{"line":84,"column":3}},"42":{"start":{"line":83,"column":4},"end":{"line":83,"column":93}},"43":{"start":{"line":85,"column":2},"end":{"line":87,"column":5}}},"fnMap":{"0":{"name":"(anonymous_7)","decl":{"start":{"line":22,"column":58},"end":{"line":22,"column":63}},"loc":{"start":{"line":22,"column":116},"end":{"line":32,"column":1}}},"1":{"name":"(anonymous_8)","decl":{"start":{"line":34,"column":55},"end":{"line":34,"column":60}},"loc":{"start":{"line":34,"column":93},"end":{"line":43,"column":1}}},"2":{"name":"(anonymous_9)","decl":{"start":{"line":45,"column":56},"end":{"line":45,"column":61}},"loc":{"start":{"line":45,"column":94},"end":{"line":53,"column":1}}},"3":{"name":"(anonymous_10)","decl":{"start":{"line":55,"column":61},"end":{"line":55,"column":66}},"loc":{"start":{"line":55,"column":99},"end":{"line":61,"column":1}}},"4":{"name":"(anonymous_11)","decl":{"start":{"line":63,"column":64},"end":{"line":63,"column":69}},"loc":{"start":{"line":63,"column":102},"end":{"line":69,"column":1}}},"5":{"name":"(anonymous_12)","decl":{"start":{"line":70,"column":64},"end":{"line":70,"column":69}},"loc":{"start":{"line":70,"column":102},"end":{"line":76,"column":1}}},"6":{"name":"(anonymous_13)","decl":{"start":{"line":78,"column":57},"end":{"line":78,"column":62}},"loc":{"start":{"line":78,"column":95},"end":{"line":88,"column":1}}}},"branchMap":{"0":{"loc":{"start":{"line":82,"column":2},"end":{"line":84,"column":3}},"type":"if","locations":[{"start":{"line":82,"column":2},"end":{"line":84,"column":3}}]}},"s":{"0":4,"1":4,"2":4,"3":4,"4":4,"5":4,"6":4,"7":4,"8":4,"9":4,"10":4,"11":4,"12":6,"13":4,"14":2,"15":4,"16":4,"17":2,"18":2,"19":4,"20":4,"21":4,"22":3,"23":2,"24":2,"25":4,"26":3,"27":2,"28":2,"29":4,"30":4,"31":2,"32":2,"33":4,"34":4,"35":2,"36":2,"37":4,"38":4,"39":4,"40":2,"41":2,"42":1,"43":2},"f":{"0":6,"1":4,"2":4,"3":3,"4":4,"5":4,"6":4},"b":{"0":[1]}}
,"C:\\Users\\mzani\\OneDrive\\Desktop\\NODE-Auth\\src\\auth\\model\\verificationCode.model.ts": {"path":"C:\\Users\\mzani\\OneDrive\\Desktop\\NODE-Auth\\src\\auth\\model\\verificationCode.model.ts","statementMap":{"0":{"start":{"line":1,"column":0},"end":{"line":1,"column":32}},"1":{"start":{"line":11,"column":31},"end":{"line":21,"column":2}},"2":{"start":{"line":23,"column":30},"end":{"line":23,"column":136}},"3":{"start":{"line":24,"column":0},"end":{"line":24,"column":37}}},"fnMap":{},"branchMap":{},"s":{"0":7,"1":7,"2":7,"3":7},"f":{},"b":{}}
,"C:\\Users\\mzani\\OneDrive\\Desktop\\NODE-Auth\\src\\auth\\route\\authRoute.ts": {"path":"C:\\Users\\mzani\\OneDrive\\Desktop\\NODE-Auth\\src\\auth\\route\\authRoute.ts","statementMap":{"0":{"start":{"line":1,"column":0},"end":{"line":1,"column":30}},"1":{"start":{"line":2,"column":0},"end":{"line":2,"column":63}},"2":{"start":{"line":3,"column":13},"end":{"line":3,"column":43}},"3":{"start":{"line":5,"column":0},"end":{"line":5,"column":61}},"4":{"start":{"line":6,"column":0},"end":{"line":6,"column":55}},"5":{"start":{"line":7,"column":0},"end":{"line":7,"column":57}},"6":{"start":{"line":8,"column":0},"end":{"line":8,"column":73}},"7":{"start":{"line":9,"column":0},"end":{"line":9,"column":74}},"8":{"start":{"line":10,"column":0},"end":{"line":10,"column":67}},"9":{"start":{"line":11,"column":0},"end":{"line":11,"column":58}},"10":{"start":{"line":13,"column":0},"end":{"line":13,"column":26}}},"fnMap":{},"branchMap":{},"s":{"0":3,"1":3,"2":3,"3":3,"4":3,"5":3,"6":3,"7":3,"8":3,"9":3,"10":3},"f":{},"b":{}}
,"C:\\Users\\mzani\\OneDrive\\Desktop\\NODE-Auth\\src\\auth\\service\\auth.service.ts": {"path":"C:\\Users\\mzani\\OneDrive\\Desktop\\NODE-Auth\\src\\auth\\service\\auth.service.ts","statementMap":{"0":{"start":{"line":6,"column":0},"end":{"line":6,"column":105}},"1":{"start":{"line":7,"column":0},"end":{"line":7,"column":46}},"2":{"start":{"line":8,"column":0},"end":{"line":8,"column":54}},"3":{"start":{"line":9,"column":0},"end":{"line":9,"column":74}},"4":{"start":{"line":10,"column":0},"end":{"line":10,"column":66}},"5":{"start":{"line":12,"column":0},"end":{"line":12,"column":56}},"6":{"start":{"line":13,"column":0},"end":{"line":13,"column":58}},"7":{"start":{"line":15,"column":33},"end":{"line":48,"column":1}},"8":{"start":{"line":16,"column":31},"end":{"line":16,"column":50}},"9":{"start":{"line":18,"column":22},"end":{"line":18,"column":67}},"10":{"start":{"line":19,"column":2},"end":{"line":19,"column":78}},"11":{"start":{"line":20,"column":15},"end":{"line":20,"column":52}},"12":{"start":{"line":23,"column":27},"end":{"line":27,"column":4}},"13":{"start":{"line":30,"column":14},"end":{"line":30,"column":87}},"14":{"start":{"line":34,"column":18},"end":{"line":37,"column":4}},"15":{"start":{"line":39,"column":23},"end":{"line":39,"column":71}},"16":{"start":{"line":40,"column":22},"end":{"line":40,"column":87}},"17":{"start":{"line":43,"column":2},"end":{"line":47,"column":4}},"18":{"start":{"line":15,"column":13},"end":{"line":15,"column":33}},"19":{"start":{"line":50,"column":32},"end":{"line":73,"column":1}},"20":{"start":{"line":51,"column":15},"end":{"line":51,"column":60}},"21":{"start":{"line":52,"column":2},"end":{"line":52,"column":70}},"22":{"start":{"line":53,"column":22},"end":{"line":53,"column":52}},"23":{"start":{"line":54,"column":2},"end":{"line":54,"column":86}},"24":{"start":{"line":57,"column":18},"end":{"line":60,"column":4}},"25":{"start":{"line":62,"column":22},"end":{"line":62,"column":48}},"26":{"start":{"line":65,"column":23},"end":{"line":65,"column":56}},"27":{"start":{"line":66,"column":22},"end":{"line":66,"column":79}},"28":{"start":{"line":68,"column":2},"end":{"line":72,"column":4}},"29":{"start":{"line":50,"column":13},"end":{"line":50,"column":32}},"30":{"start":{"line":75,"column":45},"end":{"line":98,"column":1}},"31":{"start":{"line":76,"column":18},"end":{"line":76,"column":56}},"32":{"start":{"line":77,"column":2},"end":{"line":77,"column":82}},"33":{"start":{"line":78,"column":18},"end":{"line":78,"column":73}},"34":{"start":{"line":79,"column":14},"end":{"line":79,"column":24}},"35":{"start":{"line":80,"column":2},"end":{"line":80,"column":76}},"36":{"start":{"line":81,"column":2},"end":{"line":81,"column":102}},"37":{"start":{"line":84,"column":30},"end":{"line":84,"column":77}},"38":{"start":{"line":85,"column":2},"end":{"line":90,"column":3}},"39":{"start":{"line":86,"column":4},"end":{"line":86,"column":99}},"40":{"start":{"line":87,"column":4},"end":{"line":87,"column":44}},"41":{"start":{"line":89,"column":4},"end":{"line":89,"column":25}},"42":{"start":{"line":91,"column":20},"end":{"line":91,"column":31}},"43":{"start":{"line":92,"column":26},"end":{"line":92,"column":95}},"44":{"start":{"line":93,"column":22},"end":{"line":93,"column":80}},"45":{"start":{"line":94,"column":2},"end":{"line":97,"column":4}},"46":{"start":{"line":75,"column":13},"end":{"line":75,"column":45}},"47":{"start":{"line":99,"column":38},"end":{"line":110,"column":1}},"48":{"start":{"line":100,"column":20},"end":{"line":100,"column":133}},"49":{"start":{"line":101,"column":2},"end":{"line":101,"column":85}},"50":{"start":{"line":103,"column":23},"end":{"line":103,"column":103}},"51":{"start":{"line":104,"column":2},"end":{"line":104,"column":90}},"52":{"start":{"line":106,"column":2},"end":{"line":106,"column":72}},"53":{"start":{"line":107,"column":2},"end":{"line":109,"column":4}},"54":{"start":{"line":99,"column":13},"end":{"line":99,"column":38}},"55":{"start":{"line":112,"column":37},"end":{"line":133,"column":1}},"56":{"start":{"line":113,"column":15},"end":{"line":113,"column":60}},"57":{"start":{"line":114,"column":2},"end":{"line":114,"column":69}},"58":{"start":{"line":116,"column":16},"end":{"line":116,"column":126}},"59":{"start":{"line":117,"column":2},"end":{"line":117,"column":86}},"60":{"start":{"line":119,"column":20},"end":{"line":119,"column":36}},"61":{"start":{"line":121,"column":27},"end":{"line":125,"column":4}},"62":{"start":{"line":127,"column":14},"end":{"line":127,"column":144}},"63":{"start":{"line":130,"column":2},"end":{"line":132,"column":4}},"64":{"start":{"line":112,"column":13},"end":{"line":112,"column":37}},"65":{"start":{"line":138,"column":37},"end":{"line":156,"column":1}},"66":{"start":{"line":140,"column":20},"end":{"line":140,"column":129}},"67":{"start":{"line":141,"column":2},"end":{"line":141,"column":85}},"68":{"start":{"line":143,"column":22},"end":{"line":143,"column":50}},"69":{"start":{"line":145,"column":22},"end":{"line":145,"column":109}},"70":{"start":{"line":146,"column":2},"end":{"line":146,"column":93}},"71":{"start":{"line":149,"column":2},"end":{"line":149,"column":72}},"72":{"start":{"line":151,"column":2},"end":{"line":151,"column":66}},"73":{"start":{"line":153,"column":2},"end":{"line":155,"column":4}},"74":{"start":{"line":138,"column":13},"end":{"line":138,"column":37}}},"fnMap":{"0":{"name":"(anonymous_1)","decl":{"start":{"line":15,"column":33},"end":{"line":15,"column":38}},"loc":{"start":{"line":15,"column":61},"end":{"line":48,"column":1}}},"1":{"name":"(anonymous_2)","decl":{"start":{"line":50,"column":32},"end":{"line":50,"column":37}},"loc":{"start":{"line":50,"column":88},"end":{"line":73,"column":1}}},"2":{"name":"(anonymous_3)","decl":{"start":{"line":75,"column":45},"end":{"line":75,"column":50}},"loc":{"start":{"line":75,"column":76},"end":{"line":98,"column":1}}},"3":{"name":"(anonymous_4)","decl":{"start":{"line":99,"column":38},"end":{"line":99,"column":43}},"loc":{"start":{"line":99,"column":98},"end":{"line":110,"column":1}}},"4":{"name":"(anonymous_5)","decl":{"start":{"line":112,"column":37},"end":{"line":112,"column":42}},"loc":{"start":{"line":112,"column":61},"end":{"line":133,"column":1}}},"5":{"name":"(anonymous_6)","decl":{"start":{"line":138,"column":37},"end":{"line":138,"column":42}},"loc":{"start":{"line":138,"column":98},"end":{"line":156,"column":1}}}},"branchMap":{"0":{"loc":{"start":{"line":85,"column":2},"end":{"line":90,"column":3}},"type":"if","locations":[{"start":{"line":85,"column":2},"end":{"line":90,"column":3}}]},"1":{"loc":{"start":{"line":92,"column":26},"end":{"line":92,"column":95}},"type":"cond-expr","locations":[{"start":{"line":92,"column":48},"end":{"line":92,"column":83}},{"start":{"line":92,"column":86},"end":{"line":92,"column":95}}]}},"s":{"0":5,"1":5,"2":5,"3":5,"4":5,"5":5,"6":5,"7":5,"8":3,"9":3,"10":3,"11":1,"12":1,"13":1,"14":1,"15":1,"16":1,"17":1,"18":5,"19":5,"20":1,"21":1,"22":1,"23":1,"24":1,"25":1,"26":1,"27":1,"28":1,"29":5,"30":5,"31":3,"32":3,"33":3,"34":3,"35":3,"36":3,"37":1,"38":1,"39":0,"40":0,"41":0,"42":1,"43":1,"44":1,"45":1,"46":5,"47":5,"48":1,"49":1,"50":1,"51":1,"52":1,"53":1,"54":5,"55":5,"56":1,"57":1,"58":1,"59":1,"60":1,"61":1,"62":1,"63":1,"64":5,"65":5,"66":1,"67":1,"68":1,"69":1,"70":1,"71":1,"72":1,"73":1,"74":5},"f":{"0":3,"1":1,"2":3,"3":1,"4":1,"5":1},"b":{"0":[0],"1":[0,1]}}
,"C:\\Users\\mzani\\OneDrive\\Desktop\\NODE-Auth\\src\\auth\\zodSchemas\\ObjectIdSchema.ts": {"path":"C:\\Users\\mzani\\OneDrive\\Desktop\\NODE-Auth\\src\\auth\\zodSchemas\\ObjectIdSchema.ts","statementMap":{"0":{"start":{"line":1,"column":0},"end":{"line":1,"column":20}},"1":{"start":{"line":2,"column":0},"end":{"line":2,"column":32}},"2":{"start":{"line":4,"column":13},"end":{"line":9,"column":56}},"3":{"start":{"line":6,"column":19},"end":{"line":6,"column":55}},"4":{"start":{"line":9,"column":22},"end":{"line":9,"column":54}}},"fnMap":{"0":{"name":"(anonymous_1)","decl":{"start":{"line":6,"column":10},"end":{"line":6,"column":11}},"loc":{"start":{"line":6,"column":19},"end":{"line":6,"column":55}}},"1":{"name":"(anonymous_2)","decl":{"start":{"line":9,"column":13},"end":{"line":9,"column":14}},"loc":{"start":{"line":9,"column":22},"end":{"line":9,"column":54}}}},"branchMap":{},"s":{"0":5,"1":5,"2":5,"3":13,"4":10},"f":{"0":13,"1":10},"b":{}}
,"C:\\Users\\mzani\\OneDrive\\Desktop\\NODE-Auth\\src\\auth\\zodSchemas\\changePassSchema.ts": {"path":"C:\\Users\\mzani\\OneDrive\\Desktop\\NODE-Auth\\src\\auth\\zodSchemas\\changePassSchema.ts","statementMap":{"0":{"start":{"line":1,"column":0},"end":{"line":1,"column":47}},"1":{"start":{"line":2,"column":0},"end":{"line":2,"column":54}},"2":{"start":{"line":3,"column":0},"end":{"line":3,"column":20}},"3":{"start":{"line":4,"column":25},"end":{"line":7,"column":2}},"4":{"start":{"line":8,"column":0},"end":{"line":8,"column":32}}},"fnMap":{},"branchMap":{},"s":{"0":4,"1":4,"2":4,"3":4,"4":4},"f":{},"b":{}}
,"C:\\Users\\mzani\\OneDrive\\Desktop\\NODE-Auth\\src\\auth\\zodSchemas\\loginSchema.ts": {"path":"C:\\Users\\mzani\\OneDrive\\Desktop\\NODE-Auth\\src\\auth\\zodSchemas\\loginSchema.ts","statementMap":{"0":{"start":{"line":1,"column":0},"end":{"line":1,"column":24}},"1":{"start":{"line":3,"column":13},"end":{"line":9,"column":46}},"2":{"start":{"line":10,"column":13},"end":{"line":19,"column":49}},"3":{"start":{"line":21,"column":20},"end":{"line":24,"column":2}},"4":{"start":{"line":32,"column":0},"end":{"line":32,"column":27}}},"fnMap":{},"branchMap":{},"s":{"0":5,"1":5,"2":5,"3":5,"4":5},"f":{},"b":{}}
,"C:\\Users\\mzani\\OneDrive\\Desktop\\NODE-Auth\\src\\auth\\zodSchemas\\registerSchema.ts": {"path":"C:\\Users\\mzani\\OneDrive\\Desktop\\NODE-Auth\\src\\auth\\zodSchemas\\registerSchema.ts","statementMap":{"0":{"start":{"line":1,"column":0},"end":{"line":1,"column":24}},"1":{"start":{"line":2,"column":0},"end":{"line":2,"column":40}},"2":{"start":{"line":4,"column":13},"end":{"line":29,"column":5}},"3":{"start":{"line":26,"column":20},"end":{"line":26,"column":58}},"4":{"start":{"line":38,"column":0},"end":{"line":38,"column":30}}},"fnMap":{"0":{"name":"(anonymous_1)","decl":{"start":{"line":26,"column":10},"end":{"line":26,"column":11}},"loc":{"start":{"line":26,"column":20},"end":{"line":26,"column":58}}}},"branchMap":{},"s":{"0":5,"1":5,"2":5,"3":9,"4":5},"f":{"0":9},"b":{}}
,"C:\\Users\\mzani\\OneDrive\\Desktop\\NODE-Auth\\src\\auth\\zodSchemas\\verificationSchema.ts": {"path":"C:\\Users\\mzani\\OneDrive\\Desktop\\NODE-Auth\\src\\auth\\zodSchemas\\verificationSchema.ts","statementMap":{"0":{"start":{"line":1,"column":0},"end":{"line":1,"column":20}},"1":{"start":{"line":3,"column":27},"end":{"line":6,"column":56}},"2":{"start":{"line":8,"column":0},"end":{"line":8,"column":34}}},"fnMap":{},"branchMap":{},"s":{"0":4,"1":4,"2":4},"f":{},"b":{}}
,"C:\\Users\\mzani\\OneDrive\\Desktop\\NODE-Auth\\src\\config\\db.ts": {"path":"C:\\Users\\mzani\\OneDrive\\Desktop\\NODE-Auth\\src\\config\\db.ts","statementMap":{"0":{"start":{"line":1,"column":0},"end":{"line":1,"column":32}},"1":{"start":{"line":2,"column":0},"end":{"line":2,"column":55}},"2":{"start":{"line":3,"column":33},"end":{"line":11,"column":1}},"3":{"start":{"line":4,"column":2},"end":{"line":10,"column":3}},"4":{"start":{"line":5,"column":4},"end":{"line":5,"column":42}},"5":{"start":{"line":6,"column":4},"end":{"line":6,"column":48}},"6":{"start":{"line":8,"column":4},"end":{"line":8,"column":52}},"7":{"start":{"line":9,"column":4},"end":{"line":9,"column":20}},"8":{"start":{"line":3,"column":13},"end":{"line":3,"column":33}}},"fnMap":{"0":{"name":"(anonymous_1)","decl":{"start":{"line":3,"column":33},"end":{"line":3,"column":38}},"loc":{"start":{"line":3,"column":44},"end":{"line":11,"column":1}}}},"branchMap":{},"s":{"0":5,"1":5,"2":5,"3":2,"4":2,"5":1,"6":1,"7":1,"8":5},"f":{"0":2},"b":{}}
,"C:\\Users\\mzani\\OneDrive\\Desktop\\NODE-Auth\\src\\config\\server.ts": {"path":"C:\\Users\\mzani\\OneDrive\\Desktop\\NODE-Auth\\src\\config\\server.ts","statementMap":{"0":{"start":{"line":1,"column":0},"end":{"line":1,"column":56}},"1":{"start":{"line":3,"column":0},"end":{"line":3,"column":41}},"2":{"start":{"line":5,"column":27},"end":{"line":12,"column":1}},"3":{"start":{"line":6,"column":2},"end":{"line":11,"column":3}},"4":{"start":{"line":7,"column":4},"end":{"line":10,"column":7}},"5":{"start":{"line":8,"column":6},"end":{"line":8,"column":90}},"6":{"start":{"line":9,"column":6},"end":{"line":9,"column":32}},"7":{"start":{"line":5,"column":13},"end":{"line":5,"column":27}}},"fnMap":{"0":{"name":"(anonymous_0)","decl":{"start":{"line":5,"column":27},"end":{"line":5,"column":32}},"loc":{"start":{"line":5,"column":58},"end":{"line":12,"column":1}}},"1":{"name":"(anonymous_1)","decl":{"start":{"line":7,"column":29},"end":{"line":7,"column":34}},"loc":{"start":{"line":7,"column":40},"end":{"line":10,"column":5}}}},"branchMap":{"0":{"loc":{"start":{"line":6,"column":2},"end":{"line":11,"column":3}},"type":"if","locations":[{"start":{"line":6,"column":2},"end":{"line":11,"column":3}}]},"1":{"loc":{"start":{"line":6,"column":6},"end":{"line":6,"column":69}},"type":"binary-expr","locations":[{"start":{"line":6,"column":6},"end":{"line":6,"column":35}},{"start":{"line":6,"column":39},"end":{"line":6,"column":69}}]}},"s":{"0":4,"1":4,"2":4,"3":5,"4":1,"5":1,"6":1,"7":4},"f":{"0":5,"1":1},"b":{"0":[1],"1":[5,4]}}
,"C:\\Users\\mzani\\OneDrive\\Desktop\\NODE-Auth\\src\\middleware\\authenticator.ts": {"path":"C:\\Users\\mzani\\OneDrive\\Desktop\\NODE-Auth\\src\\middleware\\authenticator.ts","statementMap":{"0":{"start":{"line":2,"column":0},"end":{"line":2,"column":51}},"1":{"start":{"line":3,"column":0},"end":{"line":3,"column":53}},"2":{"start":{"line":5,"column":0},"end":{"line":5,"column":43}},"3":{"start":{"line":8,"column":45},"end":{"line":17,"column":1}},"4":{"start":{"line":11,"column":4},"end":{"line":11,"column":254}},"5":{"start":{"line":12,"column":2},"end":{"line":12,"column":137}},"6":{"start":{"line":13,"column":18},"end":{"line":13,"column":54}},"7":{"start":{"line":14,"column":2},"end":{"line":14,"column":37}},"8":{"start":{"line":15,"column":2},"end":{"line":15,"column":43}},"9":{"start":{"line":16,"column":2},"end":{"line":16,"column":9}},"10":{"start":{"line":8,"column":13},"end":{"line":8,"column":45}}},"fnMap":{"0":{"name":"(anonymous_1)","decl":{"start":{"line":8,"column":45},"end":{"line":8,"column":46}},"loc":{"start":{"line":8,"column":64},"end":{"line":17,"column":1}}}},"branchMap":{},"s":{"0":4,"1":4,"2":4,"3":4,"4":10,"5":10,"6":10,"7":1,"8":1,"9":1,"10":4},"f":{"0":10},"b":{}}
,"C:\\Users\\mzani\\OneDrive\\Desktop\\NODE-Auth\\src\\middleware\\errorHandler.ts": {"path":"C:\\Users\\mzani\\OneDrive\\Desktop\\NODE-Auth\\src\\middleware\\errorHandler.ts","statementMap":{"0":{"start":{"line":2,"column":0},"end":{"line":2,"column":24}},"1":{"start":{"line":3,"column":0},"end":{"line":3,"column":49}},"2":{"start":{"line":4,"column":0},"end":{"line":4,"column":53}},"3":{"start":{"line":5,"column":0},"end":{"line":5,"column":69}},"4":{"start":{"line":9,"column":30},"end":{"line":19,"column":1}},"5":{"start":{"line":10,"column":17},"end":{"line":13,"column":5}},"6":{"start":{"line":10,"column":44},"end":{"line":13,"column":4}},"7":{"start":{"line":15,"column":2},"end":{"line":18,"column":5}},"8":{"start":{"line":9,"column":13},"end":{"line":9,"column":30}},"9":{"start":{"line":21,"column":30},"end":{"line":26,"column":1}},"10":{"start":{"line":22,"column":2},"end":{"line":25,"column":5}},"11":{"start":{"line":21,"column":13},"end":{"line":21,"column":30}},"12":{"start":{"line":29,"column":49},"end":{"line":43,"column":1}},"13":{"start":{"line":30,"column":2},"end":{"line":32,"column":3}},"14":{"start":{"line":31,"column":4},"end":{"line":31,"column":38}},"15":{"start":{"line":34,"column":2},"end":{"line":36,"column":3}},"16":{"start":{"line":35,"column":4},"end":{"line":35,"column":31}},"17":{"start":{"line":38,"column":2},"end":{"line":40,"column":3}},"18":{"start":{"line":39,"column":4},"end":{"line":39,"column":31}},"19":{"start":{"line":42,"column":2},"end":{"line":42,"column":88}},"20":{"start":{"line":29,"column":13},"end":{"line":29,"column":49}},"21":{"start":{"line":45,"column":0},"end":{"line":45,"column":28}}},"fnMap":{"0":{"name":"(anonymous_7)","decl":{"start":{"line":9,"column":30},"end":{"line":9,"column":31}},"loc":{"start":{"line":9,"column":67},"end":{"line":19,"column":1}}},"1":{"name":"(anonymous_8)","decl":{"start":{"line":10,"column":34},"end":{"line":10,"column":35}},"loc":{"start":{"line":10,"column":44},"end":{"line":13,"column":4}}},"2":{"name":"(anonymous_9)","decl":{"start":{"line":21,"column":30},"end":{"line":21,"column":31}},"loc":{"start":{"line":21,"column":65},"end":{"line":26,"column":1}}},"3":{"name":"(anonymous_10)","decl":{"start":{"line":29,"column":49},"end":{"line":29,"column":50}},"loc":{"start":{"line":29,"column":75},"end":{"line":43,"column":1}}}},"branchMap":{"0":{"loc":{"start":{"line":12,"column":13},"end":{"line":12,"column":48}},"type":"binary-expr","locations":[{"start":{"line":12,"column":13},"end":{"line":12,"column":24}},{"start":{"line":12,"column":28},"end":{"line":12,"column":48}}]},"1":{"loc":{"start":{"line":30,"column":2},"end":{"line":32,"column":3}},"type":"if","locations":[{"start":{"line":30,"column":2},"end":{"line":32,"column":3}}]},"2":{"loc":{"start":{"line":34,"column":2},"end":{"line":36,"column":3}},"type":"if","locations":[{"start":{"line":34,"column":2},"end":{"line":36,"column":3}}]},"3":{"loc":{"start":{"line":38,"column":2},"end":{"line":40,"column":3}},"type":"if","locations":[{"start":{"line":38,"column":2},"end":{"line":40,"column":3}}]}},"s":{"0":4,"1":4,"2":4,"3":4,"4":4,"5":7,"6":7,"7":7,"8":4,"9":4,"10":3,"11":4,"12":4,"13":20,"14":1,"15":20,"16":5,"17":20,"18":2,"19":20,"20":4,"21":4},"f":{"0":7,"1":7,"2":3,"3":20},"b":{"0":[7,1],"1":[1],"2":[5],"3":[2]}}
,"C:\\Users\\mzani\\OneDrive\\Desktop\\NODE-Auth\\src\\redis\\CacheClass.ts": {"path":"C:\\Users\\mzani\\OneDrive\\Desktop\\NODE-Auth\\src\\redis\\CacheClass.ts","statementMap":{"0":{"start":{"line":1,"column":0},"end":{"line":1,"column":32}},"1":{"start":{"line":2,"column":0},"end":{"line":2,"column":40}},"2":{"start":{"line":3,"column":0},"end":{"line":3,"column":50}},"3":{"start":{"line":20,"column":9},"end":{"line":27,"column":4}},"4":{"start":{"line":21,"column":4},"end":{"line":26,"column":5}},"5":{"start":{"line":22,"column":6},"end":{"line":22,"column":75}},"6":{"start":{"line":24,"column":6},"end":{"line":24,"column":21}},"7":{"start":{"line":25,"column":6},"end":{"line":25,"column":18}},"8":{"start":{"line":29,"column":9},"end":{"line":37,"column":4}},"9":{"start":{"line":30,"column":17},"end":{"line":30,"column":51}},"10":{"start":{"line":31,"column":4},"end":{"line":36,"column":5}},"11":{"start":{"line":32,"column":6},"end":{"line":32,"column":47}},"12":{"start":{"line":34,"column":6},"end":{"line":34,"column":21}},"13":{"start":{"line":35,"column":6},"end":{"line":35,"column":18}},"14":{"start":{"line":38,"column":9},"end":{"line":46,"column":4}},"15":{"start":{"line":39,"column":4},"end":{"line":45,"column":5}},"16":{"start":{"line":40,"column":31},"end":{"line":40,"column":61}},"17":{"start":{"line":41,"column":6},"end":{"line":41,"column":44}},"18":{"start":{"line":43,"column":6},"end":{"line":43,"column":21}},"19":{"start":{"line":44,"column":6},"end":{"line":44,"column":18}},"20":{"start":{"line":47,"column":9},"end":{"line":54,"column":4}},"21":{"start":{"line":48,"column":4},"end":{"line":53,"column":5}},"22":{"start":{"line":49,"column":6},"end":{"line":49,"column":40}},"23":{"start":{"line":51,"column":6},"end":{"line":51,"column":21}},"24":{"start":{"line":52,"column":6},"end":{"line":52,"column":18}},"25":{"start":{"line":56,"column":9},"end":{"line":62,"column":4}},"26":{"start":{"line":57,"column":4},"end":{"line":61,"column":5}},"27":{"start":{"line":58,"column":6},"end":{"line":58,"column":63}},"28":{"start":{"line":60,"column":6},"end":{"line":60,"column":18}},"29":{"start":{"line":63,"column":9},"end":{"line":69,"column":4}},"30":{"start":{"line":64,"column":4},"end":{"line":68,"column":5}},"31":{"start":{"line":65,"column":6},"end":{"line":65,"column":50}},"32":{"start":{"line":67,"column":6},"end":{"line":67,"column":18}},"33":{"start":{"line":70,"column":9},"end":{"line":77,"column":4}},"34":{"start":{"line":71,"column":4},"end":{"line":76,"column":5}},"35":{"start":{"line":72,"column":6},"end":{"line":72,"column":55}},"36":{"start":{"line":74,"column":6},"end":{"line":74,"column":21}},"37":{"start":{"line":75,"column":6},"end":{"line":75,"column":18}},"38":{"start":{"line":78,"column":9},"end":{"line":89,"column":4}},"39":{"start":{"line":79,"column":4},"end":{"line":88,"column":5}},"40":{"start":{"line":80,"column":21},"end":{"line":80,"column":47}},"41":{"start":{"line":81,"column":6},"end":{"line":83,"column":7}},"42":{"start":{"line":82,"column":8},"end":{"line":82,"column":61}},"43":{"start":{"line":84,"column":6},"end":{"line":84,"column":20}},"44":{"start":{"line":86,"column":6},"end":{"line":86,"column":21}},"45":{"start":{"line":87,"column":6},"end":{"line":87,"column":18}},"46":{"start":{"line":90,"column":9},"end":{"line":102,"column":4}},"47":{"start":{"line":91,"column":38},"end":{"line":91,"column":40}},"48":{"start":{"line":92,"column":4},"end":{"line":100,"column":7}},"49":{"start":{"line":93,"column":6},"end":{"line":99,"column":7}},"50":{"start":{"line":94,"column":8},"end":{"line":94,"column":43}},"51":{"start":{"line":95,"column":13},"end":{"line":99,"column":7}},"52":{"start":{"line":96,"column":8},"end":{"line":96,"column":53}},"53":{"start":{"line":97,"column":13},"end":{"line":99,"column":7}},"54":{"start":{"line":98,"column":8},"end":{"line":98,"column":51}},"55":{"start":{"line":101,"column":4},"end":{"line":101,"column":25}},"56":{"start":{"line":103,"column":9},"end":{"line":122,"column":4}},"57":{"start":{"line":104,"column":40},"end":{"line":104,"column":42}},"58":{"start":{"line":105,"column":4},"end":{"line":120,"column":7}},"59":{"start":{"line":107,"column":6},"end":{"line":119,"column":7}},"60":{"start":{"line":108,"column":8},"end":{"line":108,"column":91}},"61":{"start":{"line":109,"column":13},"end":{"line":119,"column":7}},"62":{"start":{"line":110,"column":8},"end":{"line":110,"column":80}},"63":{"start":{"line":111,"column":13},"end":{"line":119,"column":7}},"64":{"start":{"line":112,"column":8},"end":{"line":112,"column":70}},"65":{"start":{"line":113,"column":13},"end":{"line":119,"column":7}},"66":{"start":{"line":114,"column":8},"end":{"line":114,"column":75}},"67":{"start":{"line":115,"column":13},"end":{"line":119,"column":7}},"68":{"start":{"line":116,"column":8},"end":{"line":116,"column":70}},"69":{"start":{"line":118,"column":8},"end":{"line":118,"column":62}},"70":{"start":{"line":121,"column":4},"end":{"line":121,"column":32}},"71":{"start":{"line":18,"column":0},"end":{"line":18,"column":13}},"72":{"start":{"line":126,"column":9},"end":{"line":128,"column":4}},"73":{"start":{"line":127,"column":4},"end":{"line":127,"column":16}},"74":{"start":{"line":129,"column":9},"end":{"line":131,"column":4}},"75":{"start":{"line":130,"column":4},"end":{"line":130,"column":16}},"76":{"start":{"line":132,"column":9},"end":{"line":134,"column":4}},"77":{"start":{"line":133,"column":4},"end":{"line":133,"column":16}},"78":{"start":{"line":135,"column":9},"end":{"line":137,"column":4}},"79":{"start":{"line":136,"column":4},"end":{"line":136,"column":16}},"80":{"start":{"line":138,"column":9},"end":{"line":140,"column":4}},"81":{"start":{"line":139,"column":4},"end":{"line":139,"column":16}},"82":{"start":{"line":141,"column":9},"end":{"line":143,"column":4}},"83":{"start":{"line":142,"column":4},"end":{"line":142,"column":16}},"84":{"start":{"line":144,"column":9},"end":{"line":146,"column":4}},"85":{"start":{"line":145,"column":4},"end":{"line":145,"column":16}},"86":{"start":{"line":147,"column":9},"end":{"line":149,"column":4}},"87":{"start":{"line":148,"column":4},"end":{"line":148,"column":16}},"88":{"start":{"line":150,"column":9},"end":{"line":152,"column":4}},"89":{"start":{"line":151,"column":4},"end":{"line":151,"column":14}},"90":{"start":{"line":153,"column":9},"end":{"line":156,"column":4}},"91":{"start":{"line":154,"column":40},"end":{"line":154,"column":42}},"92":{"start":{"line":155,"column":4},"end":{"line":155,"column":32}},"93":{"start":{"line":124,"column":0},"end":{"line":124,"column":13}},"94":{"start":{"line":159,"column":14},"end":{"line":159,"column":70}},"95":{"start":{"line":160,"column":0},"end":{"line":160,"column":21}}},"fnMap":{"0":{"name":"(anonymous_1)","decl":{"start":{"line":19,"column":2},"end":{"line":19,"column":17}},"loc":{"start":{"line":19,"column":2},"end":{"line":19,"column":18}}},"1":{"name":"(anonymous_2)","decl":{"start":{"line":20,"column":28},"end":{"line":20,"column":33}},"loc":{"start":{"line":20,"column":123},"end":{"line":27,"column":3}}},"2":{"name":"(anonymous_3)","decl":{"start":{"line":29,"column":24},"end":{"line":29,"column":29}},"loc":{"start":{"line":29,"column":103},"end":{"line":37,"column":3}}},"3":{"name":"(anonymous_4)","decl":{"start":{"line":38,"column":24},"end":{"line":38,"column":29}},"loc":{"start":{"line":38,"column":83},"end":{"line":46,"column":3}}},"4":{"name":"(anonymous_5)","decl":{"start":{"line":47,"column":31},"end":{"line":47,"column":36}},"loc":{"start":{"line":47,"column":77},"end":{"line":54,"column":3}}},"5":{"name":"(anonymous_6)","decl":{"start":{"line":56,"column":24},"end":{"line":56,"column":29}},"loc":{"start":{"line":56,"column":89},"end":{"line":62,"column":3}}},"6":{"name":"(anonymous_7)","decl":{"start":{"line":63,"column":24},"end":{"line":63,"column":29}},"loc":{"start":{"line":63,"column":72},"end":{"line":69,"column":3}}},"7":{"name":"(anonymous_8)","decl":{"start":{"line":70,"column":26},"end":{"line":70,"column":31}},"loc":{"start":{"line":70,"column":87},"end":{"line":77,"column":3}}},"8":{"name":"(anonymous_9)","decl":{"start":{"line":78,"column":26},"end":{"line":78,"column":31}},"loc":{"start":{"line":78,"column":89},"end":{"line":89,"column":3}}},"9":{"name":"(anonymous_10)","decl":{"start":{"line":90,"column":26},"end":{"line":90,"column":45}},"loc":{"start":{"line":90,"column":74},"end":{"line":102,"column":3}}},"10":{"name":"(anonymous_11)","decl":{"start":{"line":92,"column":39},"end":{"line":92,"column":40}},"loc":{"start":{"line":92,"column":56},"end":{"line":100,"column":5}}},"11":{"name":"(anonymous_12)","decl":{"start":{"line":103,"column":28},"end":{"line":103,"column":47}},"loc":{"start":{"line":103,"column":76},"end":{"line":122,"column":3}}},"12":{"name":"(anonymous_13)","decl":{"start":{"line":105,"column":39},"end":{"line":105,"column":40}},"loc":{"start":{"line":105,"column":56},"end":{"line":120,"column":5}}},"13":{"name":"(anonymous_14)","decl":{"start":{"line":125,"column":2},"end":{"line":125,"column":17}},"loc":{"start":{"line":125,"column":2},"end":{"line":125,"column":18}}},"14":{"name":"(anonymous_15)","decl":{"start":{"line":126,"column":28},"end":{"line":126,"column":33}},"loc":{"start":{"line":126,"column":123},"end":{"line":128,"column":3}}},"15":{"name":"(anonymous_16)","decl":{"start":{"line":129,"column":24},"end":{"line":129,"column":29}},"loc":{"start":{"line":129,"column":103},"end":{"line":131,"column":3}}},"16":{"name":"(anonymous_17)","decl":{"start":{"line":132,"column":24},"end":{"line":132,"column":29}},"loc":{"start":{"line":132,"column":83},"end":{"line":134,"column":3}}},"17":{"name":"(anonymous_18)","decl":{"start":{"line":135,"column":31},"end":{"line":135,"column":36}},"loc":{"start":{"line":135,"column":77},"end":{"line":137,"column":3}}},"18":{"name":"(anonymous_19)","decl":{"start":{"line":138,"column":24},"end":{"line":138,"column":29}},"loc":{"start":{"line":138,"column":89},"end":{"line":140,"column":3}}},"19":{"name":"(anonymous_20)","decl":{"start":{"line":141,"column":24},"end":{"line":141,"column":29}},"loc":{"start":{"line":141,"column":72},"end":{"line":143,"column":3}}},"20":{"name":"(anonymous_21)","decl":{"start":{"line":144,"column":26},"end":{"line":144,"column":31}},"loc":{"start":{"line":144,"column":87},"end":{"line":146,"column":3}}},"21":{"name":"(anonymous_22)","decl":{"start":{"line":147,"column":26},"end":{"line":147,"column":31}},"loc":{"start":{"line":147,"column":89},"end":{"line":149,"column":3}}},"22":{"name":"(anonymous_23)","decl":{"start":{"line":150,"column":26},"end":{"line":150,"column":45}},"loc":{"start":{"line":150,"column":74},"end":{"line":152,"column":3}}},"23":{"name":"(anonymous_24)","decl":{"start":{"line":153,"column":28},"end":{"line":153,"column":47}},"loc":{"start":{"line":153,"column":76},"end":{"line":156,"column":3}}}},"branchMap":{"0":{"loc":{"start":{"line":81,"column":6},"end":{"line":83,"column":7}},"type":"if","locations":[{"start":{"line":81,"column":6},"end":{"line":83,"column":7}}]},"1":{"loc":{"start":{"line":93,"column":6},"end":{"line":99,"column":7}},"type":"if","locations":[{"start":{"line":93,"column":6},"end":{"line":99,"column":7}},{"start":{"line":95,"column":13},"end":{"line":99,"column":7}}]},"2":{"loc":{"start":{"line":93,"column":10},"end":{"line":93,"column":129}},"type":"binary-expr","locations":[{"start":{"line":93,"column":10},"end":{"line":93,"column":35}},{"start":{"line":93,"column":39},"end":{"line":93,"column":64}},{"start":{"line":93,"column":68},"end":{"line":93,"column":94}},{"start":{"line":93,"column":98},"end":{"line":93,"column":129}}]},"3":{"loc":{"start":{"line":95,"column":13},"end":{"line":99,"column":7}},"type":"if","locations":[{"start":{"line":95,"column":13},"end":{"line":99,"column":7}},{"start":{"line":97,"column":13},"end":{"line":99,"column":7}}]},"4":{"loc":{"start":{"line":97,"column":13},"end":{"line":99,"column":7}},"type":"if","locations":[{"start":{"line":97,"column":13},"end":{"line":99,"column":7}}]},"5":{"loc":{"start":{"line":97,"column":17},"end":{"line":97,"column":93}},"type":"binary-expr","locations":[{"start":{"line":97,"column":18},"end":{"line":97,"column":43}},{"start":{"line":97,"column":47},"end":{"line":97,"column":74}},{"start":{"line":97,"column":79},"end":{"line":97,"column":93}}]},"6":{"loc":{"start":{"line":107,"column":6},"end":{"line":119,"column":7}},"type":"if","locations":[{"start":{"line":107,"column":6},"end":{"line":119,"column":7}},{"start":{"line":109,"column":13},"end":{"line":119,"column":7}}]},"7":{"loc":{"start":{"line":107,"column":10},"end":{"line":107,"column":80}},"type":"binary-expr","locations":[{"start":{"line":107,"column":11},"end":{"line":107,"column":24}},{"start":{"line":107,"column":28},"end":{"line":107,"column":44}},{"start":{"line":107,"column":49},"end":{"line":107,"column":80}}]},"8":{"loc":{"start":{"line":109,"column":13},"end":{"line":119,"column":7}},"type":"if","locations":[{"start":{"line":109,"column":13},"end":{"line":119,"column":7}},{"start":{"line":111,"column":13},"end":{"line":119,"column":7}}]},"9":{"loc":{"start":{"line":109,"column":17},"end":{"line":109,"column":82}},"type":"binary-expr","locations":[{"start":{"line":109,"column":17},"end":{"line":109,"column":36}},{"start":{"line":109,"column":40},"end":{"line":109,"column":59}},{"start":{"line":109,"column":63},"end":{"line":109,"column":82}}]},"10":{"loc":{"start":{"line":111,"column":13},"end":{"line":119,"column":7}},"type":"if","locations":[{"start":{"line":111,"column":13},"end":{"line":119,"column":7}},{"start":{"line":113,"column":13},"end":{"line":119,"column":7}}]},"11":{"loc":{"start":{"line":111,"column":17},"end":{"line":111,"column":112}},"type":"binary-expr","locations":[{"start":{"line":111,"column":17},"end":{"line":111,"column":31}},{"start":{"line":111,"column":35},"end":{"line":111,"column":52}},{"start":{"line":111,"column":56},"end":{"line":111,"column":70}},{"start":{"line":111,"column":74},"end":{"line":111,"column":89}},{"start":{"line":111,"column":93},"end":{"line":111,"column":112}}]},"12":{"loc":{"start":{"line":113,"column":13},"end":{"line":119,"column":7}},"type":"if","locations":[{"start":{"line":113,"column":13},"end":{"line":119,"column":7}},{"start":{"line":115,"column":13},"end":{"line":119,"column":7}}]},"13":{"loc":{"start":{"line":113,"column":17},"end":{"line":113,"column":54}},"type":"binary-expr","locations":[{"start":{"line":113,"column":17},"end":{"line":113,"column":33}},{"start":{"line":113,"column":37},"end":{"line":113,"column":54}}]},"14":{"loc":{"start":{"line":115,"column":13},"end":{"line":119,"column":7}},"type":"if","locations":[{"start":{"line":115,"column":13},"end":{"line":119,"column":7}},{"start":{"line":117,"column":13},"end":{"line":119,"column":7}}]},"15":{"loc":{"start":{"line":159,"column":14},"end":{"line":159,"column":70}},"type":"cond-expr","locations":[{"start":{"line":159,"column":35},"end":{"line":159,"column":46}},{"start":{"line":159,"column":49},"end":{"line":159,"column":70}}]}},"s":{"0":8,"1":8,"2":8,"3":8,"4":5,"5":5,"6":1,"7":1,"8":8,"9":10,"10":10,"11":10,"12":1,"13":1,"14":8,"15":12,"16":12,"17":11,"18":1,"19":1,"20":8,"21":10,"22":10,"23":1,"24":1,"25":8,"26":8,"27":8,"28":1,"29":8,"30":7,"31":7,"32":1,"33":8,"34":3,"35":3,"36":1,"37":1,"38":8,"39":8,"40":8,"41":7,"42":5,"43":2,"44":1,"45":1,"46":8,"47":14,"48":14,"49":53,"50":37,"51":16,"52":15,"53":1,"54":1,"55":14,"56":8,"57":13,"58":13,"59":53,"60":13,"61":40,"62":15,"63":25,"64":12,"65":13,"66":3,"67":10,"68":8,"69":2,"70":13,"71":8,"72":1,"73":1,"74":1,"75":1,"76":1,"77":1,"78":1,"79":1,"80":1,"81":1,"82":1,"83":1,"84":1,"85":1,"86":1,"87":1,"88":1,"89":1,"90":1,"91":1,"92":1,"93":8,"94":8,"95":8},"f":{"0":8,"1":5,"2":10,"3":12,"4":10,"5":8,"6":7,"7":3,"8":8,"9":14,"10":53,"11":13,"12":53,"13":1,"14":1,"15":1,"16":1,"17":1,"18":1,"19":1,"20":1,"21":1,"22":1,"23":1},"b":{"0":[5],"1":[37,16],"2":[53,40,33,30],"3":[15,1],"4":[1],"5":[1,1,1],"6":[13,40],"7":[53,45,13],"8":[15,25],"9":[40,35,27],"10":[12,13],"11":[25,21,19,15,13],"12":[3,10],"13":[13,12],"14":[8,2],"15":[8,0]}}
,"C:\\Users\\mzani\\OneDrive\\Desktop\\NODE-Auth\\src\\redis\\redisClient.ts": {"path":"C:\\Users\\mzani\\OneDrive\\Desktop\\NODE-Auth\\src\\redis\\redisClient.ts","statementMap":{"0":{"start":{"line":1,"column":0},"end":{"line":1,"column":37}},"1":{"start":{"line":2,"column":0},"end":{"line":2,"column":86}},"2":{"start":{"line":3,"column":20},"end":{"line":9,"column":2}},"3":{"start":{"line":10,"column":0},"end":{"line":13,"column":1}},"4":{"start":{"line":11,"column":2},"end":{"line":11,"column":62}},"5":{"start":{"line":11,"column":42},"end":{"line":11,"column":60}},"6":{"start":{"line":12,"column":2},"end":{"line":12,"column":24}},"7":{"start":{"line":15,"column":0},"end":{"line":15,"column":27}}},"fnMap":{"0":{"name":"(anonymous_0)","decl":{"start":{"line":11,"column":26},"end":{"line":11,"column":27}},"loc":{"start":{"line":11,"column":42},"end":{"line":11,"column":60}}}},"branchMap":{"0":{"loc":{"start":{"line":10,"column":0},"end":{"line":13,"column":1}},"type":"if","locations":[{"start":{"line":10,"column":0},"end":{"line":13,"column":1}}]}},"s":{"0":7,"1":7,"2":7,"3":7,"4":7,"5":0,"6":7,"7":7},"f":{"0":0},"b":{"0":[7]}}
,"C:\\Users\\mzani\\OneDrive\\Desktop\\NODE-Auth\\src\\redis\\session.ts": {"path":"C:\\Users\\mzani\\OneDrive\\Desktop\\NODE-Auth\\src\\redis\\session.ts","statementMap":{"0":{"start":{"line":3,"column":33},"end":{"line":5,"column":1}},"1":{"start":{"line":4,"column":2},"end":{"line":4,"column":25}},"2":{"start":{"line":3,"column":13},"end":{"line":3,"column":33}},"3":{"start":{"line":6,"column":33},"end":{"line":8,"column":1}},"4":{"start":{"line":7,"column":2},"end":{"line":7,"column":31}},"5":{"start":{"line":6,"column":13},"end":{"line":6,"column":33}}},"fnMap":{"0":{"name":"(anonymous_0)","decl":{"start":{"line":3,"column":33},"end":{"line":3,"column":34}},"loc":{"start":{"line":3,"column":72},"end":{"line":5,"column":1}}},"1":{"name":"(anonymous_1)","decl":{"start":{"line":6,"column":33},"end":{"line":6,"column":34}},"loc":{"start":{"line":6,"column":69},"end":{"line":8,"column":1}}}},"branchMap":{},"s":{"0":7,"1":9,"2":7,"3":7,"4":5,"5":7},"f":{"0":9,"1":5},"b":{}}
,"C:\\Users\\mzani\\OneDrive\\Desktop\\NODE-Auth\\src\\redis\\user.ts": {"path":"C:\\Users\\mzani\\OneDrive\\Desktop\\NODE-Auth\\src\\redis\\user.ts","statementMap":{"0":{"start":{"line":3,"column":30},"end":{"line":5,"column":1}},"1":{"start":{"line":4,"column":2},"end":{"line":4,"column":22}},"2":{"start":{"line":3,"column":13},"end":{"line":3,"column":30}},"3":{"start":{"line":6,"column":39},"end":{"line":8,"column":1}},"4":{"start":{"line":7,"column":2},"end":{"line":7,"column":26}},"5":{"start":{"line":6,"column":13},"end":{"line":6,"column":39}}},"fnMap":{"0":{"name":"(anonymous_0)","decl":{"start":{"line":3,"column":30},"end":{"line":3,"column":31}},"loc":{"start":{"line":3,"column":66},"end":{"line":5,"column":1}}},"1":{"name":"(anonymous_1)","decl":{"start":{"line":6,"column":39},"end":{"line":6,"column":40}},"loc":{"start":{"line":6,"column":65},"end":{"line":8,"column":1}}}},"branchMap":{},"s":{"0":7,"1":7,"2":7,"3":7,"4":6,"5":7},"f":{"0":7,"1":6},"b":{}}
,"C:\\Users\\mzani\\OneDrive\\Desktop\\NODE-Auth\\src\\redis\\verificationCode.ts": {"path":"C:\\Users\\mzani\\OneDrive\\Desktop\\NODE-Auth\\src\\redis\\verificationCode.ts","statementMap":{"0":{"start":{"line":4,"column":42},"end":{"line":6,"column":1}},"1":{"start":{"line":5,"column":2},"end":{"line":5,"column":34}},"2":{"start":{"line":4,"column":13},"end":{"line":4,"column":42}},"3":{"start":{"line":7,"column":42},"end":{"line":9,"column":1}},"4":{"start":{"line":8,"column":2},"end":{"line":8,"column":40}},"5":{"start":{"line":7,"column":13},"end":{"line":7,"column":42}}},"fnMap":{"0":{"name":"(anonymous_0)","decl":{"start":{"line":4,"column":42},"end":{"line":4,"column":43}},"loc":{"start":{"line":4,"column":82},"end":{"line":6,"column":1}}},"1":{"name":"(anonymous_1)","decl":{"start":{"line":7,"column":42},"end":{"line":7,"column":43}},"loc":{"start":{"line":7,"column":70},"end":{"line":9,"column":1}}}},"branchMap":{},"s":{"0":7,"1":10,"2":7,"3":7,"4":5,"5":7},"f":{"0":10,"1":5},"b":{}}
,"C:\\Users\\mzani\\OneDrive\\Desktop\\NODE-Auth\\src\\session\\controller\\sessionController.ts": {"path":"C:\\Users\\mzani\\OneDrive\\Desktop\\NODE-Auth\\src\\session\\controller\\sessionController.ts","statementMap":{"0":{"start":{"line":1,"column":0},"end":{"line":1,"column":56}},"1":{"start":{"line":2,"column":0},"end":{"line":2,"column":54}},"2":{"start":{"line":3,"column":0},"end":{"line":3,"column":56}},"3":{"start":{"line":6,"column":0},"end":{"line":6,"column":70}},"4":{"start":{"line":7,"column":0},"end":{"line":7,"column":58}},"5":{"start":{"line":8,"column":13},"end":{"line":21,"column":3}},"6":{"start":{"line":9,"column":17},"end":{"line":9,"column":56}},"7":{"start":{"line":10,"column":20},"end":{"line":10,"column":62}},"8":{"start":{"line":11,"column":19},"end":{"line":11,"column":75}},"9":{"start":{"line":12,"column":2},"end":{"line":12,"column":87}},"10":{"start":{"line":15,"column":36},"end":{"line":18,"column":5}},"11":{"start":{"line":15,"column":63},"end":{"line":18,"column":4}},"12":{"start":{"line":20,"column":2},"end":{"line":20,"column":74}},"13":{"start":{"line":22,"column":13},"end":{"line":27,"column":3}},"14":{"start":{"line":23,"column":20},"end":{"line":23,"column":53}},"15":{"start":{"line":24,"column":25},"end":{"line":24,"column":81}},"16":{"start":{"line":25,"column":2},"end":{"line":25,"column":82}},"17":{"start":{"line":26,"column":2},"end":{"line":26,"column":79}}},"fnMap":{"0":{"name":"(anonymous_1)","decl":{"start":{"line":8,"column":60},"end":{"line":8,"column":65}},"loc":{"start":{"line":8,"column":118},"end":{"line":21,"column":1}}},"1":{"name":"(anonymous_2)","decl":{"start":{"line":15,"column":49},"end":{"line":15,"column":50}},"loc":{"start":{"line":15,"column":63},"end":{"line":18,"column":4}}},"2":{"name":"(anonymous_3)","decl":{"start":{"line":22,"column":63},"end":{"line":22,"column":68}},"loc":{"start":{"line":22,"column":121},"end":{"line":27,"column":1}}}},"branchMap":{"0":{"loc":{"start":{"line":17,"column":8},"end":{"line":17,"column":56}},"type":"binary-expr","locations":[{"start":{"line":17,"column":8},"end":{"line":17,"column":33}},{"start":{"line":17,"column":37},"end":{"line":17,"column":56}}]}},"s":{"0":4,"1":4,"2":4,"3":4,"4":4,"5":4,"6":3,"7":2,"8":2,"9":1,"10":0,"11":0,"12":0,"13":4,"14":3,"15":2,"16":2,"17":1},"f":{"0":3,"1":0,"2":3},"b":{"0":[0,0]}}
,"C:\\Users\\mzani\\OneDrive\\Desktop\\NODE-Auth\\src\\session\\model\\session.model.ts": {"path":"C:\\Users\\mzani\\OneDrive\\Desktop\\NODE-Auth\\src\\session\\model\\session.model.ts","statementMap":{"0":{"start":{"line":1,"column":0},"end":{"line":1,"column":32}},"1":{"start":{"line":2,"column":0},"end":{"line":2,"column":61}},"2":{"start":{"line":13,"column":22},"end":{"line":31,"column":2}},"3":{"start":{"line":33,"column":21},"end":{"line":33,"column":78}},"4":{"start":{"line":34,"column":0},"end":{"line":34,"column":28}}},"fnMap":{},"branchMap":{},"s":{"0":7,"1":7,"2":7,"3":7,"4":7},"f":{},"b":{}}
,"C:\\Users\\mzani\\OneDrive\\Desktop\\NODE-Auth\\src\\session\\route\\sessionRoute.ts": {"path":"C:\\Users\\mzani\\OneDrive\\Desktop\\NODE-Auth\\src\\session\\route\\sessionRoute.ts","statementMap":{"0":{"start":{"line":1,"column":0},"end":{"line":1,"column":30}},"1":{"start":{"line":2,"column":0},"end":{"line":2,"column":69}},"2":{"start":{"line":3,"column":13},"end":{"line":3,"column":46}},"3":{"start":{"line":5,"column":0},"end":{"line":5,"column":60}},"4":{"start":{"line":6,"column":0},"end":{"line":6,"column":66}},"5":{"start":{"line":8,"column":0},"end":{"line":8,"column":29}}},"fnMap":{},"branchMap":{},"s":{"0":3,"1":3,"2":3,"3":3,"4":3,"5":3},"f":{},"b":{}}
,"C:\\Users\\mzani\\OneDrive\\Desktop\\NODE-Auth\\src\\user\\controller\\userController.ts": {"path":"C:\\Users\\mzani\\OneDrive\\Desktop\\NODE-Auth\\src\\user\\controller\\userController.ts","statementMap":{"0":{"start":{"line":1,"column":0},"end":{"line":1,"column":56}},"1":{"start":{"line":2,"column":0},"end":{"line":2,"column":54}},"2":{"start":{"line":3,"column":0},"end":{"line":3,"column":56}},"3":{"start":{"line":6,"column":0},"end":{"line":6,"column":70}},"4":{"start":{"line":7,"column":0},"end":{"line":7,"column":58}},"5":{"start":{"line":9,"column":13},"end":{"line":15,"column":3}},"6":{"start":{"line":10,"column":17},"end":{"line":10,"column":56}},"7":{"start":{"line":11,"column":2},"end":{"line":11,"column":26}},"8":{"start":{"line":12,"column":15},"end":{"line":12,"column":56}},"9":{"start":{"line":13,"column":2},"end":{"line":13,"column":69}},"10":{"start":{"line":14,"column":2},"end":{"line":14,"column":54}},"11":{"start":{"line":16,"column":13},"end":{"line":21,"column":3}},"12":{"start":{"line":17,"column":17},"end":{"line":17,"column":56}},"13":{"start":{"line":18,"column":15},"end":{"line":18,"column":65}},"14":{"start":{"line":19,"column":2},"end":{"line":19,"column":69}},"15":{"start":{"line":20,"column":2},"end":{"line":20,"column":76}}},"fnMap":{"0":{"name":"(anonymous_1)","decl":{"start":{"line":9,"column":57},"end":{"line":9,"column":62}},"loc":{"start":{"line":9,"column":115},"end":{"line":15,"column":1}}},"1":{"name":"(anonymous_2)","decl":{"start":{"line":16,"column":60},"end":{"line":16,"column":65}},"loc":{"start":{"line":16,"column":118},"end":{"line":21,"column":1}}}},"branchMap":{},"s":{"0":4,"1":4,"2":4,"3":4,"4":4,"5":4,"6":3,"7":2,"8":2,"9":2,"10":1,"11":4,"12":3,"13":2,"14":2,"15":1},"f":{"0":3,"1":3},"b":{}}
,"C:\\Users\\mzani\\OneDrive\\Desktop\\NODE-Auth\\src\\user\\model\\user.model.ts": {"path":"C:\\Users\\mzani\\OneDrive\\Desktop\\NODE-Auth\\src\\user\\model\\user.model.ts","statementMap":{"0":{"start":{"line":35,"column":0},"end":{"line":35,"column":7}},"1":{"start":{"line":1,"column":0},"end":{"line":1,"column":53}},"2":{"start":{"line":2,"column":0},"end":{"line":2,"column":84}},"3":{"start":{"line":3,"column":0},"end":{"line":3,"column":56}},"4":{"start":{"line":5,"column":0},"end":{"line":5,"column":54}},"5":{"start":{"line":21,"column":19},"end":{"line":32,"column":null}},"6":{"start":{"line":36,"column":2},"end":{"line":38,"column":3}},"7":{"start":{"line":37,"column":4},"end":{"line":37,"column":18}},"8":{"start":{"line":39,"column":21},"end":{"line":39,"column":54}},"9":{"start":{"line":40,"column":2},"end":{"line":40,"column":94}},"10":{"start":{"line":41,"column":2},"end":{"line":41,"column":29}},"11":{"start":{"line":42,"column":2},"end":{"line":42,"column":9}},"12":{"start":{"line":45,"column":0},"end":{"line":45,"column":36}},"13":{"start":{"line":47,"column":0},"end":{"line":49,"column":2}},"14":{"start":{"line":48,"column":2},"end":{"line":48,"column":46}},"15":{"start":{"line":51,"column":0},"end":{"line":55,"column":2}},"16":{"start":{"line":52,"column":15},"end":{"line":52,"column":30}},"17":{"start":{"line":54,"column":2},"end":{"line":54,"column":14}},"18":{"start":{"line":57,"column":18},"end":{"line":57,"column":66}},"19":{"start":{"line":58,"column":0},"end":{"line":58,"column":25}}},"fnMap":{"0":{"name":"preSaveUser","decl":{"start":{"line":35,"column":22},"end":{"line":35,"column":33}},"loc":{"start":{"line":35,"column":70},"end":{"line":43,"column":1}}},"1":{"name":"(anonymous_2)","decl":{"start":{"line":47,"column":37},"end":{"line":47,"column":42}},"loc":{"start":{"line":47,"column":64},"end":{"line":49,"column":1}}},"2":{"name":"(anonymous_3)","decl":{"start":{"line":51,"column":34},"end":{"line":51,"column":null}},"loc":{"start":{"line":51,"column":34},"end":{"line":55,"column":1}}}},"branchMap":{"0":{"loc":{"start":{"line":36,"column":2},"end":{"line":38,"column":3}},"type":"if","locations":[{"start":{"line":36,"column":2},"end":{"line":38,"column":3}}]}},"s":{"0":8,"1":8,"2":8,"3":8,"4":8,"5":8,"6":3,"7":1,"8":2,"9":2,"10":2,"11":2,"12":8,"13":8,"14":3,"15":8,"16":5,"17":5,"18":8,"19":8},"f":{"0":3,"1":3,"2":5},"b":{"0":[1]}}
,"C:\\Users\\mzani\\OneDrive\\Desktop\\NODE-Auth\\src\\user\\route\\userRoute.ts": {"path":"C:\\Users\\mzani\\OneDrive\\Desktop\\NODE-Auth\\src\\user\\route\\userRoute.ts","statementMap":{"0":{"start":{"line":1,"column":0},"end":{"line":1,"column":30}},"1":{"start":{"line":2,"column":0},"end":{"line":2,"column":63}},"2":{"start":{"line":3,"column":13},"end":{"line":3,"column":43}},"3":{"start":{"line":5,"column":0},"end":{"line":5,"column":51}},"4":{"start":{"line":6,"column":0},"end":{"line":6,"column":57}},"5":{"start":{"line":8,"column":0},"end":{"line":8,"column":26}}},"fnMap":{},"branchMap":{},"s":{"0":3,"1":3,"2":3,"3":3,"4":3,"5":3},"f":{},"b":{}}
,"C:\\Users\\mzani\\OneDrive\\Desktop\\NODE-Auth\\src\\utils\\Database\\Database.ts": {"path":"C:\\Users\\mzani\\OneDrive\\Desktop\\NODE-Auth\\src\\utils\\Database\\Database.ts","statementMap":{"0":{"start":{"line":1,"column":0},"end":{"line":1,"column":67}},"1":{"start":{"line":2,"column":0},"end":{"line":2,"column":58}},"2":{"start":{"line":3,"column":0},"end":{"line":3,"column":94}},"3":{"start":{"line":6,"column":11},"end":{"line":6,"column":33}},"4":{"start":{"line":7,"column":11},"end":{"line":7,"column":39}},"5":{"start":{"line":8,"column":11},"end":{"line":8,"column":57}},"6":{"start":{"line":12,"column":0},"end":{"line":12,"column":30}}},"fnMap":{"0":{"name":"(anonymous_1)","decl":{"start":{"line":5,"column":2},"end":{"line":5,"column":null}},"loc":{"start":{"line":8,"column":84},"end":{"line":9,"column":6}}}},"branchMap":{"0":{"loc":{"start":{"line":6,"column":11},"end":{"line":6,"column":48}},"type":"default-arg","locations":[{"start":{"line":6,"column":33},"end":{"line":6,"column":48}}]},"1":{"loc":{"start":{"line":7,"column":11},"end":{"line":7,"column":57}},"type":"default-arg","locations":[{"start":{"line":7,"column":39},"end":{"line":7,"column":57}}]},"2":{"loc":{"start":{"line":8,"column":11},"end":{"line":8,"column":84}},"type":"default-arg","locations":[{"start":{"line":8,"column":57},"end":{"line":8,"column":84}}]}},"s":{"0":7,"1":7,"2":7,"3":7,"4":7,"5":7,"6":7},"f":{"0":7},"b":{"0":[7],"1":[7],"2":[7]}}
,"C:\\Users\\mzani\\OneDrive\\Desktop\\NODE-Auth\\src\\utils\\Database\\SessionDatabase.ts": {"path":"C:\\Users\\mzani\\OneDrive\\Desktop\\NODE-Auth\\src\\utils\\Database\\SessionDatabase.ts","statementMap":{"0":{"start":{"line":1,"column":0},"end":{"line":1,"column":48}},"1":{"start":{"line":2,"column":0},"end":{"line":2,"column":75}},"2":{"start":{"line":4,"column":0},"end":{"line":4,"column":61}},"3":{"start":{"line":5,"column":0},"end":{"line":5,"column":32}},"4":{"start":{"line":18,"column":20},"end":{"line":18,"column":57}},"5":{"start":{"line":19,"column":4},"end":{"line":19,"column":103}},"6":{"start":{"line":20,"column":4},"end":{"line":20,"column":106}},"7":{"start":{"line":21,"column":4},"end":{"line":21,"column":19}},"8":{"start":{"line":24,"column":25},"end":{"line":24,"column":94}},"9":{"start":{"line":25,"column":4},"end":{"line":29,"column":5}},"10":{"start":{"line":26,"column":22},"end":{"line":26,"column":53}},"11":{"start":{"line":27,"column":6},"end":{"line":27,"column":109}},"12":{"start":{"line":27,"column":19},"end":{"line":27,"column":109}},"13":{"start":{"line":28,"column":6},"end":{"line":28,"column":21}},"14":{"start":{"line":30,"column":4},"end":{"line":30,"column":24}},"15":{"start":{"line":33,"column":23},"end":{"line":33,"column":79}},"16":{"start":{"line":34,"column":4},"end":{"line":39,"column":5}},"17":{"start":{"line":35,"column":6},"end":{"line":38,"column":9}},"18":{"start":{"line":36,"column":32},"end":{"line":36,"column":68}},"19":{"start":{"line":37,"column":8},"end":{"line":37,"column":81}},"20":{"start":{"line":40,"column":4},"end":{"line":40,"column":68}},"21":{"start":{"line":43,"column":38},"end":{"line":43,"column":40}},"22":{"start":{"line":44,"column":31},"end":{"line":44,"column":83}},"23":{"start":{"line":45,"column":4},"end":{"line":51,"column":7}},"24":{"start":{"line":46,"column":30},"end":{"line":46,"column":68}},"25":{"start":{"line":47,"column":22},"end":{"line":47,"column":104}},"26":{"start":{"line":48,"column":6},"end":{"line":50,"column":7}},"27":{"start":{"line":49,"column":8},"end":{"line":49,"column":50}},"28":{"start":{"line":52,"column":4},"end":{"line":57,"column":5}},"29":{"start":{"line":53,"column":6},"end":{"line":56,"column":9}},"30":{"start":{"line":58,"column":4},"end":{"line":58,"column":82}},"31":{"start":{"line":58,"column":35},"end":{"line":58,"column":80}},"32":{"start":{"line":61,"column":4},"end":{"line":61,"column":64}},"33":{"start":{"line":62,"column":4},"end":{"line":62,"column":60}},"34":{"start":{"line":65,"column":4},"end":{"line":68,"column":7}},"35":{"start":{"line":66,"column":23},"end":{"line":66,"column":51}},"36":{"start":{"line":67,"column":6},"end":{"line":67,"column":141}},"37":{"start":{"line":69,"column":4},"end":{"line":69,"column":64}},"38":{"start":{"line":16,"column":0},"end":{"line":16,"column":21}}},"fnMap":{"0":{"name":"(anonymous_1)","decl":{"start":{"line":17,"column":2},"end":{"line":17,"column":7}},"loc":{"start":{"line":17,"column":51},"end":{"line":22,"column":3}}},"1":{"name":"(anonymous_2)","decl":{"start":{"line":23,"column":2},"end":{"line":23,"column":7}},"loc":{"start":{"line":23,"column":43},"end":{"line":31,"column":3}}},"2":{"name":"(anonymous_3)","decl":{"start":{"line":32,"column":2},"end":{"line":32,"column":7}},"loc":{"start":{"line":32,"column":54},"end":{"line":41,"column":3}}},"3":{"name":"(anonymous_4)","decl":{"start":{"line":35,"column":25},"end":{"line":35,"column":30}},"loc":{"start":{"line":35,"column":43},"end":{"line":38,"column":7}}},"4":{"name":"(anonymous_5)","decl":{"start":{"line":42,"column":2},"end":{"line":42,"column":7}},"loc":{"start":{"line":42,"column":52},"end":{"line":59,"column":3}}},"5":{"name":"(anonymous_6)","decl":{"start":{"line":45,"column":32},"end":{"line":45,"column":37}},"loc":{"start":{"line":45,"column":52},"end":{"line":51,"column":5}}},"6":{"name":"(anonymous_7)","decl":{"start":{"line":58,"column":25},"end":{"line":58,"column":26}},"loc":{"start":{"line":58,"column":35},"end":{"line":58,"column":80}}},"7":{"name":"(anonymous_8)","decl":{"start":{"line":60,"column":2},"end":{"line":60,"column":7}},"loc":{"start":{"line":60,"column":52},"end":{"line":63,"column":3}}},"8":{"name":"(anonymous_9)","decl":{"start":{"line":64,"column":2},"end":{"line":64,"column":7}},"loc":{"start":{"line":64,"column":90},"end":{"line":70,"column":3}}},"9":{"name":"(anonymous_10)","decl":{"start":{"line":65,"column":92},"end":{"line":65,"column":97}},"loc":{"start":{"line":65,"column":115},"end":{"line":68,"column":5}}}},"branchMap":{"0":{"loc":{"start":{"line":25,"column":4},"end":{"line":29,"column":5}},"type":"if","locations":[{"start":{"line":25,"column":4},"end":{"line":29,"column":5}}]},"1":{"loc":{"start":{"line":27,"column":6},"end":{"line":27,"column":109}},"type":"if","locations":[{"start":{"line":27,"column":6},"end":{"line":27,"column":109}}]},"2":{"loc":{"start":{"line":34,"column":4},"end":{"line":39,"column":5}},"type":"if","locations":[{"start":{"line":34,"column":4},"end":{"line":39,"column":5}}]},"3":{"loc":{"start":{"line":48,"column":6},"end":{"line":50,"column":7}},"type":"if","locations":[{"start":{"line":48,"column":6},"end":{"line":50,"column":7}}]},"4":{"loc":{"start":{"line":48,"column":10},"end":{"line":48,"column":63}},"type":"binary-expr","locations":[{"start":{"line":48,"column":10},"end":{"line":48,"column":28}},{"start":{"line":48,"column":32},"end":{"line":48,"column":63}}]},"5":{"loc":{"start":{"line":52,"column":4},"end":{"line":57,"column":5}},"type":"if","locations":[{"start":{"line":52,"column":4},"end":{"line":57,"column":5}}]}},"s":{"0":7,"1":7,"2":7,"3":7,"4":2,"5":2,"6":2,"7":2,"8":3,"9":3,"10":0,"11":0,"12":0,"13":0,"14":3,"15":1,"16":1,"17":1,"18":1,"19":1,"20":1,"21":2,"22":2,"23":2,"24":0,"25":0,"26":0,"27":0,"28":2,"29":2,"30":2,"31":1,"32":3,"33":3,"34":0,"35":0,"36":0,"37":0,"38":7},"f":{"0":2,"1":3,"2":1,"3":1,"4":2,"5":0,"6":1,"7":3,"8":0,"9":0},"b":{"0":[0],"1":[0],"2":[1],"3":[0],"4":[0,0],"5":[2]}}
,"C:\\Users\\mzani\\OneDrive\\Desktop\\NODE-Auth\\src\\utils\\Database\\UserDatabase.ts": {"path":"C:\\Users\\mzani\\OneDrive\\Desktop\\NODE-Auth\\src\\utils\\Database\\UserDatabase.ts","statementMap":{"0":{"start":{"line":2,"column":0},"end":{"line":2,"column":52}},"1":{"start":{"line":3,"column":0},"end":{"line":3,"column":48}},"2":{"start":{"line":4,"column":0},"end":{"line":4,"column":75}},"3":{"start":{"line":15,"column":22},"end":{"line":15,"column":85}},"4":{"start":{"line":16,"column":4},"end":{"line":20,"column":5}},"5":{"start":{"line":17,"column":20},"end":{"line":17,"column":53}},"6":{"start":{"line":18,"column":6},"end":{"line":18,"column":98}},"7":{"start":{"line":18,"column":16},"end":{"line":18,"column":98}},"8":{"start":{"line":19,"column":6},"end":{"line":19,"column":18}},"9":{"start":{"line":21,"column":4},"end":{"line":21,"column":23}},"10":{"start":{"line":25,"column":17},"end":{"line":25,"column":51}},"11":{"start":{"line":26,"column":4},"end":{"line":26,"column":91}},"12":{"start":{"line":27,"column":4},"end":{"line":27,"column":91}},"13":{"start":{"line":28,"column":4},"end":{"line":28,"column":16}},"14":{"start":{"line":31,"column":19},"end":{"line":31,"column":82}},"15":{"start":{"line":32,"column":4},"end":{"line":40,"column":5}},"16":{"start":{"line":33,"column":24},"end":{"line":33,"column":91}},"17":{"start":{"line":34,"column":6},"end":{"line":38,"column":7}},"18":{"start":{"line":35,"column":21},"end":{"line":35,"column":55}},"19":{"start":{"line":36,"column":8},"end":{"line":36,"column":103}},"20":{"start":{"line":36,"column":18},"end":{"line":36,"column":103}},"21":{"start":{"line":37,"column":8},"end":{"line":37,"column":20}},"22":{"start":{"line":39,"column":6},"end":{"line":39,"column":38}},"23":{"start":{"line":41,"column":4},"end":{"line":41,"column":16}},"24":{"start":{"line":44,"column":4},"end":{"line":47,"column":7}},"25":{"start":{"line":45,"column":23},"end":{"line":45,"column":48}},"26":{"start":{"line":46,"column":6},"end":{"line":46,"column":132}},"27":{"start":{"line":48,"column":4},"end":{"line":48,"column":61}},"28":{"start":{"line":51,"column":22},"end":{"line":51,"column":85}},"29":{"start":{"line":52,"column":4},"end":{"line":56,"column":5}},"30":{"start":{"line":53,"column":19},"end":{"line":53,"column":47}},"31":{"start":{"line":54,"column":6},"end":{"line":54,"column":97}},"32":{"start":{"line":54,"column":16},"end":{"line":54,"column":97}},"33":{"start":{"line":55,"column":6},"end":{"line":55,"column":18}},"34":{"start":{"line":57,"column":4},"end":{"line":57,"column":21}},"35":{"start":{"line":60,"column":4},"end":{"line":60,"column":61}},"36":{"start":{"line":61,"column":4},"end":{"line":61,"column":49}},"37":{"start":{"line":13,"column":0},"end":{"line":13,"column":21}}},"fnMap":{"0":{"name":"(anonymous_1)","decl":{"start":{"line":14,"column":2},"end":{"line":14,"column":7}},"loc":{"start":{"line":14,"column":35},"end":{"line":22,"column":3}}},"1":{"name":"(anonymous_2)","decl":{"start":{"line":24,"column":2},"end":{"line":24,"column":7}},"loc":{"start":{"line":24,"column":48},"end":{"line":29,"column":3}}},"2":{"name":"(anonymous_3)","decl":{"start":{"line":30,"column":2},"end":{"line":30,"column":7}},"loc":{"start":{"line":30,"column":35},"end":{"line":42,"column":3}}},"3":{"name":"(anonymous_4)","decl":{"start":{"line":43,"column":2},"end":{"line":43,"column":7}},"loc":{"start":{"line":43,"column":84},"end":{"line":49,"column":3}}},"4":{"name":"(anonymous_5)","decl":{"start":{"line":44,"column":89},"end":{"line":44,"column":94}},"loc":{"start":{"line":44,"column":112},"end":{"line":47,"column":5}}},"5":{"name":"(anonymous_6)","decl":{"start":{"line":50,"column":2},"end":{"line":50,"column":7}},"loc":{"start":{"line":50,"column":40},"end":{"line":58,"column":3}}},"6":{"name":"(anonymous_7)","decl":{"start":{"line":59,"column":2},"end":{"line":59,"column":7}},"loc":{"start":{"line":59,"column":49},"end":{"line":62,"column":3}}}},"branchMap":{"0":{"loc":{"start":{"line":16,"column":4},"end":{"line":20,"column":5}},"type":"if","locations":[{"start":{"line":16,"column":4},"end":{"line":20,"column":5}}]},"1":{"loc":{"start":{"line":18,"column":6},"end":{"line":18,"column":98}},"type":"if","locations":[{"start":{"line":18,"column":6},"end":{"line":18,"column":98}}]},"2":{"loc":{"start":{"line":32,"column":4},"end":{"line":40,"column":5}},"type":"if","locations":[{"start":{"line":32,"column":4},"end":{"line":40,"column":5}}]},"3":{"loc":{"start":{"line":34,"column":6},"end":{"line":38,"column":7}},"type":"if","locations":[{"start":{"line":34,"column":6},"end":{"line":38,"column":7}}]},"4":{"loc":{"start":{"line":36,"column":8},"end":{"line":36,"column":103}},"type":"if","locations":[{"start":{"line":36,"column":8},"end":{"line":36,"column":103}}]},"5":{"loc":{"start":{"line":52,"column":4},"end":{"line":56,"column":5}},"type":"if","locations":[{"start":{"line":52,"column":4},"end":{"line":56,"column":5}}]},"6":{"loc":{"start":{"line":54,"column":6},"end":{"line":54,"column":97}},"type":"if","locations":[{"start":{"line":54,"column":6},"end":{"line":54,"column":97}}]}},"s":{"0":7,"1":7,"2":7,"3":3,"4":3,"5":1,"6":1,"7":0,"8":1,"9":2,"10":1,"11":1,"12":1,"13":1,"14":2,"15":2,"16":2,"17":2,"18":0,"19":0,"20":0,"21":0,"22":2,"23":0,"24":2,"25":2,"26":2,"27":2,"28":0,"29":0,"30":0,"31":0,"32":0,"33":0,"34":0,"35":2,"36":2,"37":7},"f":{"0":3,"1":1,"2":2,"3":2,"4":2,"5":0,"6":2},"b":{"0":[1],"1":[0],"2":[2],"3":[0],"4":[0],"5":[0],"6":[0]}}
,"C:\\Users\\mzani\\OneDrive\\Desktop\\NODE-Auth\\src\\utils\\Database\\VerificationCodeDatabase.ts": {"path":"C:\\Users\\mzani\\OneDrive\\Desktop\\NODE-Auth\\src\\utils\\Database\\VerificationCodeDatabase.ts","statementMap":{"0":{"start":{"line":1,"column":0},"end":{"line":1,"column":72}},"1":{"start":{"line":3,"column":0},"end":{"line":3,"column":48}},"2":{"start":{"line":4,"column":0},"end":{"line":4,"column":102}},"3":{"start":{"line":7,"column":0},"end":{"line":7,"column":58}},"4":{"start":{"line":21,"column":30},"end":{"line":21,"column":72}},"5":{"start":{"line":22,"column":4},"end":{"line":22,"column":139}},"6":{"start":{"line":23,"column":4},"end":{"line":23,"column":142}},"7":{"start":{"line":24,"column":4},"end":{"line":24,"column":28}},"8":{"start":{"line":27,"column":4},"end":{"line":27,"column":73}},"9":{"start":{"line":28,"column":4},"end":{"line":28,"column":57}},"10":{"start":{"line":36,"column":23},"end":{"line":36,"column":39}},"11":{"start":{"line":38,"column":36},"end":{"line":38,"column":97}},"12":{"start":{"line":39,"column":4},"end":{"line":45,"column":5}},"13":{"start":{"line":40,"column":39},"end":{"line":41,"column":null}},"14":{"start":{"line":41,"column":50},"end":{"line":41,"column":131}},"15":{"start":{"line":43,"column":20},"end":{"line":43,"column":128}},"16":{"start":{"line":43,"column":60},"end":{"line":43,"column":120}},"17":{"start":{"line":44,"column":6},"end":{"line":44,"column":19}},"18":{"start":{"line":46,"column":4},"end":{"line":50,"column":7}},"19":{"start":{"line":53,"column":29},"end":{"line":53,"column":117}},"20":{"start":{"line":54,"column":4},"end":{"line":58,"column":5}},"21":{"start":{"line":55,"column":19},"end":{"line":55,"column":97}},"22":{"start":{"line":56,"column":6},"end":{"line":56,"column":116}},"23":{"start":{"line":56,"column":16},"end":{"line":56,"column":116}},"24":{"start":{"line":57,"column":6},"end":{"line":57,"column":18}},"25":{"start":{"line":59,"column":4},"end":{"line":59,"column":28}},"26":{"start":{"line":19,"column":0},"end":{"line":19,"column":21}}},"fnMap":{"0":{"name":"(anonymous_1)","decl":{"start":{"line":20,"column":2},"end":{"line":20,"column":7}},"loc":{"start":{"line":20,"column":60},"end":{"line":25,"column":3}}},"1":{"name":"(anonymous_2)","decl":{"start":{"line":26,"column":2},"end":{"line":26,"column":7}},"loc":{"start":{"line":26,"column":61},"end":{"line":29,"column":3}}},"2":{"name":"(anonymous_3)","decl":{"start":{"line":31,"column":2},"end":{"line":31,"column":7}},"loc":{"start":{"line":33,"column":85},"end":{"line":51,"column":3}}},"3":{"name":"(anonymous_4)","decl":{"start":{"line":41,"column":36},"end":{"line":41,"column":41}},"loc":{"start":{"line":41,"column":50},"end":{"line":41,"column":131}}},"4":{"name":"(anonymous_5)","decl":{"start":{"line":43,"column":52},"end":{"line":43,"column":53}},"loc":{"start":{"line":43,"column":60},"end":{"line":43,"column":120}}},"5":{"name":"(anonymous_6)","decl":{"start":{"line":52,"column":2},"end":{"line":52,"column":7}},"loc":{"start":{"line":52,"column":77},"end":{"line":60,"column":3}}}},"branchMap":{"0":{"loc":{"start":{"line":39,"column":4},"end":{"line":45,"column":5}},"type":"if","locations":[{"start":{"line":39,"column":4},"end":{"line":45,"column":5}}]},"1":{"loc":{"start":{"line":43,"column":60},"end":{"line":43,"column":120}},"type":"binary-expr","locations":[{"start":{"line":43,"column":60},"end":{"line":43,"column":70}},{"start":{"line":43,"column":74},"end":{"line":43,"column":90}},{"start":{"line":43,"column":94},"end":{"line":43,"column":120}}]},"2":{"loc":{"start":{"line":54,"column":4},"end":{"line":58,"column":5}},"type":"if","locations":[{"start":{"line":54,"column":4},"end":{"line":58,"column":5}}]},"3":{"loc":{"start":{"line":54,"column":8},"end":{"line":54,"column":102}},"type":"binary-expr","locations":[{"start":{"line":54,"column":8},"end":{"line":54,"column":25}},{"start":{"line":54,"column":29},"end":{"line":54,"column":68}},{"start":{"line":54,"column":72},"end":{"line":54,"column":102}}]},"4":{"loc":{"start":{"line":56,"column":6},"end":{"line":56,"column":116}},"type":"if","locations":[{"start":{"line":56,"column":6},"end":{"line":56,"column":116}}]}},"s":{"0":7,"1":7,"2":7,"3":7,"4":4,"5":4,"6":4,"7":4,"8":2,"9":2,"10":1,"11":1,"12":1,"13":1,"14":2,"15":1,"16":2,"17":1,"18":0,"19":2,"20":2,"21":0,"22":0,"23":0,"24":0,"25":2,"26":7},"f":{"0":4,"1":2,"2":1,"3":2,"4":2,"5":2},"b":{"0":[1],"1":[2,2,0],"2":[0],"3":[2,2,2],"4":[0]}}
,"C:\\Users\\mzani\\OneDrive\\Desktop\\NODE-Auth\\src\\utils\\constants\\env.ts": {"path":"C:\\Users\\mzani\\OneDrive\\Desktop\\NODE-Auth\\src\\utils\\constants\\env.ts","statementMap":{"0":{"start":{"line":1,"column":0},"end":{"line":1,"column":23}},"1":{"start":{"line":2,"column":22},"end":{"line":8,"column":1}},"2":{"start":{"line":3,"column":16},"end":{"line":3,"column":46}},"3":{"start":{"line":4,"column":2},"end":{"line":6,"column":3}},"4":{"start":{"line":5,"column":4},"end":{"line":5,"column":73}},"5":{"start":{"line":7,"column":2},"end":{"line":7,"column":15}},"6":{"start":{"line":2,"column":13},"end":{"line":2,"column":22}},"7":{"start":{"line":9,"column":13},"end":{"line":9,"column":50}},"8":{"start":{"line":10,"column":13},"end":{"line":10,"column":43}},"9":{"start":{"line":11,"column":13},"end":{"line":11,"column":47}},"10":{"start":{"line":12,"column":13},"end":{"line":12,"column":63}},"11":{"start":{"line":13,"column":13},"end":{"line":13,"column":76}},"12":{"start":{"line":14,"column":13},"end":{"line":14,"column":78}},"13":{"start":{"line":15,"column":13},"end":{"line":15,"column":59}},"14":{"start":{"line":16,"column":13},"end":{"line":16,"column":67}},"15":{"start":{"line":17,"column":13},"end":{"line":17,"column":53}},"16":{"start":{"line":19,"column":13},"end":{"line":19,"column":52}},"17":{"start":{"line":20,"column":13},"end":{"line":20,"column":105}},"18":{"start":{"line":21,"column":13},"end":{"line":21,"column":56}},"19":{"start":{"line":22,"column":13},"end":{"line":22,"column":51}}},"fnMap":{"0":{"name":"(anonymous_0)","decl":{"start":{"line":2,"column":22},"end":{"line":2,"column":23}},"loc":{"start":{"line":2,"column":67},"end":{"line":8,"column":1}}}},"branchMap":{"0":{"loc":{"start":{"line":3,"column":16},"end":{"line":3,"column":46}},"type":"binary-expr","locations":[{"start":{"line":3,"column":16},"end":{"line":3,"column":32}},{"start":{"line":3,"column":36},"end":{"line":3,"column":46}}]},"1":{"loc":{"start":{"line":4,"column":2},"end":{"line":6,"column":3}},"type":"if","locations":[{"start":{"line":4,"column":2},"end":{"line":6,"column":3}}]}},"s":{"0":16,"1":16,"2":212,"3":212,"4":2,"5":210,"6":16,"7":16,"8":16,"9":16,"10":16,"11":16,"12":16,"13":16,"14":16,"15":16,"16":16,"17":16,"18":16,"19":16},"f":{"0":212},"b":{"0":[212,35],"1":[2]}}
,"C:\\Users\\mzani\\OneDrive\\Desktop\\NODE-Auth\\src\\utils\\constants\\http.ts": {"path":"C:\\Users\\mzani\\OneDrive\\Desktop\\NODE-Auth\\src\\utils\\constants\\http.ts","statementMap":{"0":{"start":{"line":1,"column":0},"end":{"line":1,"column":null}},"1":{"start":{"line":2,"column":2},"end":{"line":2,"column":null}},"2":{"start":{"line":3,"column":2},"end":{"line":3,"column":null}},"3":{"start":{"line":4,"column":2},"end":{"line":4,"column":null}},"4":{"start":{"line":5,"column":2},"end":{"line":5,"column":null}},"5":{"start":{"line":6,"column":2},"end":{"line":6,"column":null}},"6":{"start":{"line":7,"column":2},"end":{"line":7,"column":null}},"7":{"start":{"line":8,"column":2},"end":{"line":8,"column":null}},"8":{"start":{"line":9,"column":2},"end":{"line":9,"column":null}},"9":{"start":{"line":10,"column":2},"end":{"line":10,"column":null}},"10":{"start":{"line":11,"column":2},"end":{"line":11,"column":null}}},"fnMap":{"0":{"name":"(anonymous_0)","decl":{"start":{"line":1,"column":0},"end":{"line":1,"column":12}},"loc":{"start":{"line":1,"column":22},"end":{"line":12,"column":1}}}},"branchMap":{"0":{"loc":{"start":{"line":1,"column":12},"end":{"line":1,"column":null}},"type":"binary-expr","locations":[{"start":{"line":1,"column":12},"end":{"line":1,"column":22}},{"start":{"line":1,"column":22},"end":{"line":1,"column":null}}]}},"s":{"0":13,"1":13,"2":13,"3":13,"4":13,"5":13,"6":13,"7":13,"8":13,"9":13,"10":13},"f":{"0":13},"b":{"0":[13,13]}}
,"C:\\Users\\mzani\\OneDrive\\Desktop\\NODE-Auth\\src\\utils\\helpers\\Jwt.ts": {"path":"C:\\Users\\mzani\\OneDrive\\Desktop\\NODE-Auth\\src\\utils\\helpers\\Jwt.ts","statementMap":{"0":{"start":{"line":1,"column":0},"end":{"line":1,"column":82}},"1":{"start":{"line":5,"column":0},"end":{"line":5,"column":113}},"2":{"start":{"line":6,"column":0},"end":{"line":6,"column":47}},"3":{"start":{"line":7,"column":0},"end":{"line":7,"column":36}},"4":{"start":{"line":25,"column":10},"end":{"line":25,"column":41}},"5":{"start":{"line":26,"column":10},"end":{"line":26,"column":50}},"6":{"start":{"line":27,"column":10},"end":{"line":27,"column":54}},"7":{"start":{"line":28,"column":10},"end":{"line":28,"column":52}},"8":{"start":{"line":31,"column":27},"end":{"line":31,"column":102}},"9":{"start":{"line":32,"column":4},"end":{"line":32,"column":69}},"10":{"start":{"line":35,"column":27},"end":{"line":35,"column":103}},"11":{"start":{"line":36,"column":4},"end":{"line":36,"column":70}},"12":{"start":{"line":39,"column":27},"end":{"line":39,"column":67}},"13":{"start":{"line":41,"column":4},"end":{"line":45,"column":5}},"14":{"start":{"line":42,"column":6},"end":{"line":42,"column":96}},"15":{"start":{"line":44,"column":6},"end":{"line":44,"column":116}},"16":{"start":{"line":46,"column":4},"end":{"line":46,"column":19}},"17":{"start":{"line":49,"column":27},"end":{"line":49,"column":67}},"18":{"start":{"line":51,"column":4},"end":{"line":55,"column":5}},"19":{"start":{"line":52,"column":6},"end":{"line":52,"column":98}},"20":{"start":{"line":54,"column":6},"end":{"line":54,"column":115}},"21":{"start":{"line":56,"column":4},"end":{"line":56,"column":19}},"22":{"start":{"line":60,"column":13},"end":{"line":60,"column":43}}},"fnMap":{"0":{"name":"(anonymous_1)","decl":{"start":{"line":24,"column":0},"end":{"line":24,"column":6}},"loc":{"start":{"line":24,"column":0},"end":{"line":58,"column":1}}},"1":{"name":"(anonymous_2)","decl":{"start":{"line":30,"column":9},"end":{"line":30,"column":24}},"loc":{"start":{"line":30,"column":75},"end":{"line":33,"column":3}}},"2":{"name":"(anonymous_3)","decl":{"start":{"line":34,"column":9},"end":{"line":34,"column":25}},"loc":{"start":{"line":34,"column":77},"end":{"line":37,"column":3}}},"3":{"name":"(anonymous_4)","decl":{"start":{"line":38,"column":9},"end":{"line":38,"column":28}},"loc":{"start":{"line":38,"column":67},"end":{"line":47,"column":3}}},"4":{"name":"(anonymous_5)","decl":{"start":{"line":48,"column":9},"end":{"line":48,"column":29}},"loc":{"start":{"line":48,"column":68},"end":{"line":57,"column":3}}}},"branchMap":{"0":{"loc":{"start":{"line":31,"column":27},"end":{"line":31,"column":102}},"type":"binary-expr","locations":[{"start":{"line":31,"column":27},"end":{"line":31,"column":34}},{"start":{"line":31,"column":38},"end":{"line":31,"column":102}}]},"1":{"loc":{"start":{"line":35,"column":27},"end":{"line":35,"column":103}},"type":"binary-expr","locations":[{"start":{"line":35,"column":27},"end":{"line":35,"column":34}},{"start":{"line":35,"column":38},"end":{"line":35,"column":103}}]},"2":{"loc":{"start":{"line":39,"column":27},"end":{"line":39,"column":67}},"type":"binary-expr","locations":[{"start":{"line":39,"column":27},"end":{"line":39,"column":34}},{"start":{"line":39,"column":38},"end":{"line":39,"column":67}}]},"3":{"loc":{"start":{"line":49,"column":27},"end":{"line":49,"column":67}},"type":"binary-expr","locations":[{"start":{"line":49,"column":27},"end":{"line":49,"column":34}},{"start":{"line":49,"column":38},"end":{"line":49,"column":67}}]}},"s":{"0":7,"1":7,"2":7,"3":7,"4":7,"5":7,"6":7,"7":7,"8":4,"9":4,"10":3,"11":3,"12":14,"13":14,"14":14,"15":12,"16":2,"17":4,"18":4,"19":4,"20":2,"21":2,"22":7},"f":{"0":7,"1":4,"2":3,"3":14,"4":4},"b":{"0":[4,4],"1":[3,3],"2":[14,14],"3":[4,4]}}
,"C:\\Users\\mzani\\OneDrive\\Desktop\\NODE-Auth\\src\\utils\\helpers\\PasswordManage.ts": {"path":"C:\\Users\\mzani\\OneDrive\\Desktop\\NODE-Auth\\src\\utils\\helpers\\PasswordManage.ts","statementMap":{"0":{"start":{"line":1,"column":0},"end":{"line":1,"column":30}},"1":{"start":{"line":2,"column":32},"end":{"line":4,"column":1}},"2":{"start":{"line":3,"column":2},"end":{"line":3,"column":87}},"3":{"start":{"line":3,"column":80},"end":{"line":3,"column":85}},"4":{"start":{"line":2,"column":13},"end":{"line":2,"column":32}},"5":{"start":{"line":5,"column":28},"end":{"line":7,"column":1}},"6":{"start":{"line":6,"column":2},"end":{"line":6,"column":43}},"7":{"start":{"line":5,"column":13},"end":{"line":5,"column":28}}},"fnMap":{"0":{"name":"(anonymous_1)","decl":{"start":{"line":2,"column":32},"end":{"line":2,"column":37}},"loc":{"start":{"line":2,"column":95},"end":{"line":4,"column":1}}},"1":{"name":"(anonymous_2)","decl":{"start":{"line":3,"column":74},"end":{"line":3,"column":77}},"loc":{"start":{"line":3,"column":80},"end":{"line":3,"column":85}}},"2":{"name":"(anonymous_3)","decl":{"start":{"line":5,"column":28},"end":{"line":5,"column":33}},"loc":{"start":{"line":5,"column":74},"end":{"line":7,"column":1}}}},"branchMap":{"0":{"loc":{"start":{"line":5,"column":53},"end":{"line":5,"column":70}},"type":"default-arg","locations":[{"start":{"line":5,"column":68},"end":{"line":5,"column":70}}]}},"s":{"0":9,"1":9,"2":4,"3":1,"4":9,"5":9,"6":5,"7":9},"f":{"0":4,"1":1,"2":5},"b":{"0":[4]}}
,"C:\\Users\\mzani\\OneDrive\\Desktop\\NODE-Auth\\src\\utils\\helpers\\appAssert.ts": {"path":"C:\\Users\\mzani\\OneDrive\\Desktop\\NODE-Auth\\src\\utils\\helpers\\appAssert.ts","statementMap":{"0":{"start":{"line":1,"column":0},"end":{"line":1,"column":33}},"1":{"start":{"line":2,"column":0},"end":{"line":2,"column":52}},"2":{"start":{"line":8,"column":29},"end":{"line":10,"column":1}},"3":{"start":{"line":9,"column":2},"end":{"line":9,"column":73}},"4":{"start":{"line":11,"column":0},"end":{"line":11,"column":25}}},"fnMap":{"0":{"name":"(anonymous_1)","decl":{"start":{"line":8,"column":29},"end":{"line":8,"column":30}},"loc":{"start":{"line":8,"column":83},"end":{"line":10,"column":1}}}},"branchMap":{},"s":{"0":11,"1":11,"2":11,"3":62,"4":11},"f":{"0":62},"b":{}}
,"C:\\Users\\mzani\\OneDrive\\Desktop\\NODE-Auth\\src\\utils\\helpers\\appError.ts": {"path":"C:\\Users\\mzani\\OneDrive\\Desktop\\NODE-Auth\\src\\utils\\helpers\\appError.ts","statementMap":{"0":{"start":{"line":9,"column":4},"end":{"line":9,"column":19}},"1":{"start":{"line":8,"column":21},"end":{"line":8,"column":47}},"2":{"start":{"line":8,"column":56},"end":{"line":8,"column":71}},"3":{"start":{"line":8,"column":80},"end":{"line":8,"column":104}},"4":{"start":{"line":13,"column":0},"end":{"line":13,"column":24}}},"fnMap":{"0":{"name":"(anonymous_0)","decl":{"start":{"line":8,"column":2},"end":{"line":8,"column":21}},"loc":{"start":{"line":8,"column":104},"end":{"line":10,"column":3}}}},"branchMap":{},"s":{"0":70,"1":70,"2":70,"3":70,"4":13},"f":{"0":70},"b":{}}
,"C:\\Users\\mzani\\OneDrive\\Desktop\\NODE-Auth\\src\\utils\\helpers\\catchAsync.ts": {"path":"C:\\Users\\mzani\\OneDrive\\Desktop\\NODE-Auth\\src\\utils\\helpers\\catchAsync.ts","statementMap":{"0":{"start":{"line":4,"column":19},"end":{"line":12,"column":1}},"1":{"start":{"line":5,"column":2},"end":{"line":11,"column":4}},"2":{"start":{"line":6,"column":4},"end":{"line":10,"column":5}},"3":{"start":{"line":7,"column":6},"end":{"line":7,"column":39}},"4":{"start":{"line":9,"column":6},"end":{"line":9,"column":14}},"5":{"start":{"line":13,"column":0},"end":{"line":13,"column":26}}},"fnMap":{"0":{"name":"(anonymous_0)","decl":{"start":{"line":4,"column":19},"end":{"line":4,"column":20}},"loc":{"start":{"line":4,"column":64},"end":{"line":12,"column":1}}},"1":{"name":"(anonymous_1)","decl":{"start":{"line":5,"column":9},"end":{"line":5,"column":14}},"loc":{"start":{"line":5,"column":67},"end":{"line":11,"column":3}}}},"branchMap":{},"s":{"0":6,"1":44,"2":41,"3":41,"4":25,"5":6},"f":{"0":44,"1":41},"b":{}}
,"C:\\Users\\mzani\\OneDrive\\Desktop\\NODE-Auth\\src\\utils\\helpers\\cookies.ts": {"path":"C:\\Users\\mzani\\OneDrive\\Desktop\\NODE-Auth\\src\\utils\\helpers\\cookies.ts","statementMap":{"0":{"start":{"line":2,"column":0},"end":{"line":2,"column":65}},"1":{"start":{"line":3,"column":0},"end":{"line":3,"column":66}},"2":{"start":{"line":5,"column":13},"end":{"line":5,"column":84}},"3":{"start":{"line":21,"column":17},"end":{"line":21,"column":31}},"4":{"start":{"line":23,"column":17},"end":{"line":27,"column":4}},"5":{"start":{"line":29,"column":16},"end":{"line":33,"column":4}},"6":{"start":{"line":30,"column":4},"end":{"line":32,"column":84}},"7":{"start":{"line":35,"column":16},"end":{"line":37,"column":4}},"8":{"start":{"line":36,"column":4},"end":{"line":36,"column":94}},"9":{"start":{"line":39,"column":16},"end":{"line":42,"column":5}},"10":{"start":{"line":39,"column":68},"end":{"line":42,"column":4}},"11":{"start":{"line":44,"column":16},"end":{"line":48,"column":5}},"12":{"start":{"line":44,"column":69},"end":{"line":48,"column":4}},"13":{"start":{"line":50,"column":0},"end":{"line":50,"column":23}}},"fnMap":{"0":{"name":"(anonymous_0)","decl":{"start":{"line":29,"column":33},"end":{"line":29,"column":34}},"loc":{"start":{"line":29,"column":90},"end":{"line":33,"column":3}}},"1":{"name":"(anonymous_1)","decl":{"start":{"line":35,"column":35},"end":{"line":35,"column":36}},"loc":{"start":{"line":35,"column":53},"end":{"line":37,"column":3}}},"2":{"name":"(anonymous_2)","decl":{"start":{"line":39,"column":46},"end":{"line":39,"column":64}},"loc":{"start":{"line":39,"column":68},"end":{"line":42,"column":4}}},"3":{"name":"(anonymous_3)","decl":{"start":{"line":44,"column":47},"end":{"line":44,"column":65}},"loc":{"start":{"line":44,"column":69},"end":{"line":48,"column":4}}}},"branchMap":{},"s":{"0":6,"1":6,"2":6,"3":6,"4":6,"5":6,"6":3,"7":6,"8":4,"9":6,"10":4,"11":6,"12":3,"13":6},"f":{"0":3,"1":4,"2":4,"3":3},"b":{}}
,"C:\\Users\\mzani\\OneDrive\\Desktop\\NODE-Auth\\src\\utils\\helpers\\date.ts": {"path":"C:\\Users\\mzani\\OneDrive\\Desktop\\NODE-Auth\\src\\utils\\helpers\\date.ts","statementMap":{"0":{"start":{"line":1,"column":30},"end":{"line":1,"column":72}},"1":{"start":{"line":1,"column":36},"end":{"line":1,"column":72}},"2":{"start":{"line":1,"column":13},"end":{"line":1,"column":30}},"3":{"start":{"line":3,"column":37},"end":{"line":3,"column":80}},"4":{"start":{"line":3,"column":43},"end":{"line":3,"column":80}},"5":{"start":{"line":3,"column":13},"end":{"line":3,"column":37}},"6":{"start":{"line":5,"column":30},"end":{"line":5,"column":73}},"7":{"start":{"line":5,"column":36},"end":{"line":5,"column":73}},"8":{"start":{"line":5,"column":13},"end":{"line":5,"column":30}},"9":{"start":{"line":7,"column":30},"end":{"line":7,"column":84}},"10":{"start":{"line":7,"column":36},"end":{"line":7,"column":84}},"11":{"start":{"line":7,"column":13},"end":{"line":7,"column":30}},"12":{"start":{"line":9,"column":33},"end":{"line":9,"column":86}},"13":{"start":{"line":9,"column":39},"end":{"line":9,"column":86}},"14":{"start":{"line":9,"column":13},"end":{"line":9,"column":33}},"15":{"start":{"line":11,"column":13},"end":{"line":11,"column":46}}},"fnMap":{"0":{"name":"(anonymous_0)","decl":{"start":{"line":1,"column":30},"end":{"line":1,"column":33}},"loc":{"start":{"line":1,"column":36},"end":{"line":1,"column":72}}},"1":{"name":"(anonymous_1)","decl":{"start":{"line":3,"column":37},"end":{"line":3,"column":40}},"loc":{"start":{"line":3,"column":43},"end":{"line":3,"column":80}}},"2":{"name":"(anonymous_2)","decl":{"start":{"line":5,"column":30},"end":{"line":5,"column":33}},"loc":{"start":{"line":5,"column":36},"end":{"line":5,"column":73}}},"3":{"name":"(anonymous_3)","decl":{"start":{"line":7,"column":30},"end":{"line":7,"column":33}},"loc":{"start":{"line":7,"column":36},"end":{"line":7,"column":84}}},"4":{"name":"(anonymous_4)","decl":{"start":{"line":9,"column":33},"end":{"line":9,"column":36}},"loc":{"start":{"line":9,"column":39},"end":{"line":9,"column":86}}}},"branchMap":{},"s":{"0":10,"1":2,"2":10,"3":10,"4":4,"5":10,"6":10,"7":3,"8":10,"9":10,"10":3,"11":10,"12":10,"13":10,"14":10,"15":10},"f":{"0":2,"1":4,"2":3,"3":3,"4":10},"b":{}}
}
