TN:
SF:src\index.ts
FNF:0
FNH:0
DA:1,3
DA:2,3
DA:3,3
DA:4,3
DA:5,3
DA:6,3
DA:7,3
DA:8,3
DA:9,3
DA:10,3
DA:11,3
DA:12,3
DA:14,3
DA:15,3
DA:16,3
DA:17,3
DA:23,3
DA:24,3
DA:25,3
DA:26,3
DA:27,3
DA:29,3
DA:31,3
DA:33,3
LF:24
LH:24
BRF:0
BRH:0
end_of_record
TN:
SF:src\E2ETests\__test__\db-handler.ts
FN:5,(anonymous_1)
FN:10,(anonymous_2)
FNF:2
FNH:2
FNDA:3,(anonymous_1)
FNDA:3,(anonymous_2)
DA:1,3
DA:2,3
DA:5,3
DA:6,3
DA:7,3
DA:8,3
DA:10,3
DA:11,3
DA:13,3
DA:14,9
DA:15,9
DA:17,3
DA:18,3
LF:13
LH:13
BRF:0
BRH:0
end_of_record
TN:
SF:src\auth\controller\authController.ts
FN:22,(anonymous_7)
FN:34,(anonymous_8)
FN:45,(anonymous_9)
FN:55,(anonymous_10)
FN:63,(anonymous_11)
FN:70,(anonymous_12)
FN:78,(anonymous_13)
FNF:7
FNH:7
FNDA:6,(anonymous_7)
FNDA:4,(anonymous_8)
FNDA:4,(anonymous_9)
FNDA:3,(anonymous_10)
FNDA:4,(anonymous_11)
FNDA:4,(anonymous_12)
FNDA:4,(anonymous_13)
DA:1,4
DA:3,4
DA:4,4
DA:5,4
DA:6,4
DA:8,4
DA:16,4
DA:17,4
DA:18,4
DA:19,4
DA:20,4
DA:22,4
DA:24,6
DA:26,4
DA:28,2
DA:34,4
DA:36,4
DA:38,2
DA:40,2
DA:45,4
DA:46,4
DA:47,4
DA:48,3
DA:50,2
DA:52,2
DA:55,4
DA:56,3
DA:57,2
DA:58,2
DA:63,4
DA:64,4
DA:65,2
DA:66,2
DA:70,4
DA:71,4
DA:72,2
DA:73,2
DA:78,4
DA:79,4
DA:80,4
DA:81,2
DA:82,2
DA:83,1
DA:85,2
LF:44
LH:44
BRDA:82,0,0,1
BRF:1
BRH:1
end_of_record
TN:
SF:src\auth\model\verificationCode.model.ts
FNF:0
FNH:0
DA:1,7
DA:11,7
DA:23,7
DA:24,7
LF:4
LH:4
BRF:0
BRH:0
end_of_record
TN:
SF:src\auth\route\authRoute.ts
FNF:0
FNH:0
DA:1,3
DA:2,3
DA:3,3
DA:5,3
DA:6,3
DA:7,3
DA:8,3
DA:9,3
DA:10,3
DA:11,3
DA:13,3
LF:11
LH:11
BRF:0
BRH:0
end_of_record
TN:
SF:src\auth\service\auth.service.ts
FN:15,(anonymous_1)
FN:50,(anonymous_2)
FN:75,(anonymous_3)
FN:99,(anonymous_4)
FN:112,(anonymous_5)
FN:138,(anonymous_6)
FNF:6
FNH:6
FNDA:3,(anonymous_1)
FNDA:1,(anonymous_2)
FNDA:3,(anonymous_3)
FNDA:1,(anonymous_4)
FNDA:1,(anonymous_5)
FNDA:1,(anonymous_6)
DA:6,5
DA:7,5
DA:8,5
DA:9,5
DA:10,5
DA:12,5
DA:13,5
DA:15,5
DA:16,3
DA:18,3
DA:19,3
DA:20,1
DA:23,1
DA:30,1
DA:34,1
DA:39,1
DA:40,1
DA:43,1
DA:50,5
DA:51,1
DA:52,1
DA:53,1
DA:54,1
DA:57,1
DA:62,1
DA:65,1
DA:66,1
DA:68,1
DA:75,5
DA:76,3
DA:77,3
DA:78,3
DA:79,3
DA:80,3
DA:81,3
DA:84,1
DA:85,1
DA:86,0
DA:87,0
DA:89,0
DA:91,1
DA:92,1
DA:93,1
DA:94,1
DA:99,5
DA:100,1
DA:101,1
DA:103,1
DA:104,1
DA:106,1
DA:107,1
DA:112,5
DA:113,1
DA:114,1
DA:116,1
DA:117,1
DA:119,1
DA:121,1
DA:127,1
DA:130,1
DA:138,5
DA:140,1
DA:141,1
DA:143,1
DA:145,1
DA:146,1
DA:149,1
DA:151,1
DA:153,1
LF:69
LH:66
BRDA:85,0,0,0
BRDA:92,1,0,0
BRDA:92,1,1,1
BRF:3
BRH:1
end_of_record
TN:
SF:src\auth\zodSchemas\ObjectIdSchema.ts
FN:6,(anonymous_1)
FN:9,(anonymous_2)
FNF:2
FNH:2
FNDA:13,(anonymous_1)
FNDA:10,(anonymous_2)
DA:1,5
DA:2,5
DA:4,5
DA:6,13
DA:9,10
LF:5
LH:5
BRF:0
BRH:0
end_of_record
TN:
SF:src\auth\zodSchemas\changePassSchema.ts
FNF:0
FNH:0
DA:1,4
DA:2,4
DA:3,4
DA:4,4
DA:8,4
LF:5
LH:5
BRF:0
BRH:0
end_of_record
TN:
SF:src\auth\zodSchemas\loginSchema.ts
FNF:0
FNH:0
DA:1,5
DA:3,5
DA:10,5
DA:21,5
DA:32,5
LF:5
LH:5
BRF:0
BRH:0
end_of_record
TN:
SF:src\auth\zodSchemas\registerSchema.ts
FN:26,(anonymous_1)
FNF:1
FNH:1
FNDA:9,(anonymous_1)
DA:1,5
DA:2,5
DA:4,5
DA:26,9
DA:38,5
LF:5
LH:5
BRF:0
BRH:0
end_of_record
TN:
SF:src\auth\zodSchemas\verificationSchema.ts
FNF:0
FNH:0
DA:1,4
DA:3,4
DA:8,4
LF:3
LH:3
BRF:0
BRH:0
end_of_record
TN:
SF:src\config\db.ts
FN:3,(anonymous_1)
FNF:1
FNH:1
FNDA:2,(anonymous_1)
DA:1,5
DA:2,5
DA:3,5
DA:4,2
DA:5,2
DA:6,1
DA:8,1
DA:9,1
LF:8
LH:8
BRF:0
BRH:0
end_of_record
TN:
SF:src\config\server.ts
FN:5,(anonymous_0)
FN:7,(anonymous_1)
FNF:2
FNH:2
FNDA:5,(anonymous_0)
FNDA:1,(anonymous_1)
DA:1,4
DA:3,4
DA:5,4
DA:6,5
DA:7,1
DA:8,1
DA:9,1
LF:7
LH:7
BRDA:6,0,0,1
BRDA:6,1,0,5
BRDA:6,1,1,4
BRF:3
BRH:3
end_of_record
TN:
SF:src\middleware\authenticator.ts
FN:8,(anonymous_1)
FNF:1
FNH:1
FNDA:10,(anonymous_1)
DA:2,4
DA:3,4
DA:5,4
DA:8,4
DA:11,10
DA:12,10
DA:13,10
DA:14,1
DA:15,1
DA:16,1
LF:10
LH:10
BRF:0
BRH:0
end_of_record
TN:
SF:src\middleware\errorHandler.ts
FN:9,(anonymous_7)
FN:10,(anonymous_8)
FN:21,(anonymous_9)
FN:29,(anonymous_10)
FNF:4
FNH:4
FNDA:7,(anonymous_7)
FNDA:7,(anonymous_8)
FNDA:3,(anonymous_9)
FNDA:20,(anonymous_10)
DA:2,4
DA:3,4
DA:4,4
DA:5,4
DA:9,4
DA:10,7
DA:15,7
DA:21,4
DA:22,3
DA:29,4
DA:30,20
DA:31,1
DA:34,20
DA:35,5
DA:38,20
DA:39,2
DA:42,20
DA:45,4
LF:18
LH:18
BRDA:12,0,0,7
BRDA:12,0,1,1
BRDA:30,1,0,1
BRDA:34,2,0,5
BRDA:38,3,0,2
BRF:5
BRH:5
end_of_record
TN:
SF:src\redis\CacheClass.ts
FN:19,(anonymous_1)
FN:20,(anonymous_2)
FN:29,(anonymous_3)
FN:38,(anonymous_4)
FN:47,(anonymous_5)
FN:56,(anonymous_6)
FN:63,(anonymous_7)
FN:70,(anonymous_8)
FN:78,(anonymous_9)
FN:90,(anonymous_10)
FN:92,(anonymous_11)
FN:103,(anonymous_12)
FN:105,(anonymous_13)
FN:125,(anonymous_14)
FN:126,(anonymous_15)
FN:129,(anonymous_16)
FN:132,(anonymous_17)
FN:135,(anonymous_18)
FN:138,(anonymous_19)
FN:141,(anonymous_20)
FN:144,(anonymous_21)
FN:147,(anonymous_22)
FN:150,(anonymous_23)
FN:153,(anonymous_24)
FNF:24
FNH:24
FNDA:8,(anonymous_1)
FNDA:5,(anonymous_2)
FNDA:10,(anonymous_3)
FNDA:12,(anonymous_4)
FNDA:10,(anonymous_5)
FNDA:8,(anonymous_6)
FNDA:7,(anonymous_7)
FNDA:3,(anonymous_8)
FNDA:8,(anonymous_9)
FNDA:14,(anonymous_10)
FNDA:53,(anonymous_11)
FNDA:13,(anonymous_12)
FNDA:53,(anonymous_13)
FNDA:1,(anonymous_14)
FNDA:1,(anonymous_15)
FNDA:1,(anonymous_16)
FNDA:1,(anonymous_17)
FNDA:1,(anonymous_18)
FNDA:1,(anonymous_19)
FNDA:1,(anonymous_20)
FNDA:1,(anonymous_21)
FNDA:1,(anonymous_22)
FNDA:1,(anonymous_23)
FNDA:1,(anonymous_24)
DA:1,8
DA:2,8
DA:3,8
DA:18,8
DA:20,8
DA:21,5
DA:22,5
DA:24,1
DA:25,1
DA:29,8
DA:30,10
DA:31,10
DA:32,10
DA:34,1
DA:35,1
DA:38,8
DA:39,12
DA:40,12
DA:41,11
DA:43,1
DA:44,1
DA:47,8
DA:48,10
DA:49,10
DA:51,1
DA:52,1
DA:56,8
DA:57,8
DA:58,8
DA:60,1
DA:63,8
DA:64,7
DA:65,7
DA:67,1
DA:70,8
DA:71,3
DA:72,3
DA:74,1
DA:75,1
DA:78,8
DA:79,8
DA:80,8
DA:81,7
DA:82,5
DA:84,2
DA:86,1
DA:87,1
DA:90,8
DA:91,14
DA:92,14
DA:93,53
DA:94,37
DA:95,16
DA:96,15
DA:97,1
DA:98,1
DA:101,14
DA:103,8
DA:104,13
DA:105,13
DA:107,53
DA:108,13
DA:109,40
DA:110,15
DA:111,25
DA:112,12
DA:113,13
DA:114,3
DA:115,10
DA:116,8
DA:118,2
DA:121,13
DA:124,8
DA:126,1
DA:127,1
DA:129,1
DA:130,1
DA:132,1
DA:133,1
DA:135,1
DA:136,1
DA:138,1
DA:139,1
DA:141,1
DA:142,1
DA:144,1
DA:145,1
DA:147,1
DA:148,1
DA:150,1
DA:151,1
DA:153,1
DA:154,1
DA:155,1
DA:159,8
DA:160,8
LF:96
LH:96
BRDA:81,0,0,5
BRDA:93,1,0,37
BRDA:93,1,1,16
BRDA:93,2,0,53
BRDA:93,2,1,40
BRDA:93,2,2,33
BRDA:93,2,3,30
BRDA:95,3,0,15
BRDA:95,3,1,1
BRDA:97,4,0,1
BRDA:97,5,0,1
BRDA:97,5,1,1
BRDA:97,5,2,1
BRDA:107,6,0,13
BRDA:107,6,1,40
BRDA:107,7,0,53
BRDA:107,7,1,45
BRDA:107,7,2,13
BRDA:109,8,0,15
BRDA:109,8,1,25
BRDA:109,9,0,40
BRDA:109,9,1,35
BRDA:109,9,2,27
BRDA:111,10,0,12
BRDA:111,10,1,13
BRDA:111,11,0,25
BRDA:111,11,1,21
BRDA:111,11,2,19
BRDA:111,11,3,15
BRDA:111,11,4,13
BRDA:113,12,0,3
BRDA:113,12,1,10
BRDA:113,13,0,13
BRDA:113,13,1,12
BRDA:115,14,0,8
BRDA:115,14,1,2
BRDA:159,15,0,8
BRDA:159,15,1,0
BRF:38
BRH:37
end_of_record
TN:
SF:src\redis\redisClient.ts
FN:11,(anonymous_0)
FNF:1
FNH:0
FNDA:0,(anonymous_0)
DA:1,7
DA:2,7
DA:3,7
DA:10,7
DA:11,7
DA:12,7
DA:15,7
LF:7
LH:7
BRDA:10,0,0,7
BRF:1
BRH:1
end_of_record
TN:
SF:src\redis\session.ts
FN:3,(anonymous_0)
FN:6,(anonymous_1)
FNF:2
FNH:2
FNDA:9,(anonymous_0)
FNDA:5,(anonymous_1)
DA:3,7
DA:4,9
DA:6,7
DA:7,5
LF:4
LH:4
BRF:0
BRH:0
end_of_record
TN:
SF:src\redis\user.ts
FN:3,(anonymous_0)
FN:6,(anonymous_1)
FNF:2
FNH:2
FNDA:7,(anonymous_0)
FNDA:6,(anonymous_1)
DA:3,7
DA:4,7
DA:6,7
DA:7,6
LF:4
LH:4
BRF:0
BRH:0
end_of_record
TN:
SF:src\redis\verificationCode.ts
FN:4,(anonymous_0)
FN:7,(anonymous_1)
FNF:2
FNH:2
FNDA:10,(anonymous_0)
FNDA:5,(anonymous_1)
DA:4,7
DA:5,10
DA:7,7
DA:8,5
LF:4
LH:4
BRF:0
BRH:0
end_of_record
TN:
SF:src\session\controller\sessionController.ts
FN:8,(anonymous_1)
FN:15,(anonymous_2)
FN:22,(anonymous_3)
FNF:3
FNH:2
FNDA:3,(anonymous_1)
FNDA:0,(anonymous_2)
FNDA:3,(anonymous_3)
DA:1,4
DA:2,4
DA:3,4
DA:6,4
DA:7,4
DA:8,4
DA:9,3
DA:10,2
DA:11,2
DA:12,1
DA:15,0
DA:20,0
DA:22,4
DA:23,3
DA:24,2
DA:25,2
DA:26,1
LF:17
LH:15
BRDA:17,0,0,0
BRDA:17,0,1,0
BRF:2
BRH:0
end_of_record
TN:
SF:src\session\model\session.model.ts
FNF:0
FNH:0
DA:1,7
DA:2,7
DA:13,7
DA:33,7
DA:34,7
LF:5
LH:5
BRF:0
BRH:0
end_of_record
TN:
SF:src\session\route\sessionRoute.ts
FNF:0
FNH:0
DA:1,3
DA:2,3
DA:3,3
DA:5,3
DA:6,3
DA:8,3
LF:6
LH:6
BRF:0
BRH:0
end_of_record
TN:
SF:src\user\controller\userController.ts
FN:9,(anonymous_1)
FN:16,(anonymous_2)
FNF:2
FNH:2
FNDA:3,(anonymous_1)
FNDA:3,(anonymous_2)
DA:1,4
DA:2,4
DA:3,4
DA:6,4
DA:7,4
DA:9,4
DA:10,3
DA:11,2
DA:12,2
DA:13,2
DA:14,1
DA:16,4
DA:17,3
DA:18,2
DA:19,2
DA:20,1
LF:16
LH:16
BRF:0
BRH:0
end_of_record
TN:
SF:src\user\model\user.model.ts
FN:35,preSaveUser
FN:47,(anonymous_2)
FN:51,(anonymous_3)
FNF:3
FNH:3
FNDA:3,preSaveUser
FNDA:3,(anonymous_2)
FNDA:5,(anonymous_3)
DA:1,8
DA:2,8
DA:3,8
DA:5,8
DA:21,8
DA:35,8
DA:36,3
DA:37,1
DA:39,2
DA:40,2
DA:41,2
DA:42,2
DA:45,8
DA:47,8
DA:48,3
DA:51,8
DA:52,5
DA:54,5
DA:57,8
DA:58,8
LF:20
LH:20
BRDA:36,0,0,1
BRF:1
BRH:1
end_of_record
TN:
SF:src\user\route\userRoute.ts
FNF:0
FNH:0
DA:1,3
DA:2,3
DA:3,3
DA:5,3
DA:6,3
DA:8,3
LF:6
LH:6
BRF:0
BRH:0
end_of_record
TN:
SF:src\utils\Database\Database.ts
FN:5,(anonymous_1)
FNF:1
FNH:1
FNDA:7,(anonymous_1)
DA:1,7
DA:2,7
DA:3,7
DA:6,7
DA:7,7
DA:8,7
DA:12,7
LF:7
LH:7
BRDA:6,0,0,7
BRDA:7,1,0,7
BRDA:8,2,0,7
BRF:3
BRH:3
end_of_record
TN:
SF:src\utils\Database\SessionDatabase.ts
FN:17,(anonymous_1)
FN:23,(anonymous_2)
FN:32,(anonymous_3)
FN:35,(anonymous_4)
FN:42,(anonymous_5)
FN:45,(anonymous_6)
FN:58,(anonymous_7)
FN:60,(anonymous_8)
FN:64,(anonymous_9)
FN:65,(anonymous_10)
FNF:10
FNH:7
FNDA:2,(anonymous_1)
FNDA:3,(anonymous_2)
FNDA:1,(anonymous_3)
FNDA:1,(anonymous_4)
FNDA:2,(anonymous_5)
FNDA:0,(anonymous_6)
FNDA:1,(anonymous_7)
FNDA:3,(anonymous_8)
FNDA:0,(anonymous_9)
FNDA:0,(anonymous_10)
DA:1,7
DA:2,7
DA:4,7
DA:5,7
DA:16,7
DA:18,2
DA:19,2
DA:20,2
DA:21,2
DA:24,3
DA:25,3
DA:26,0
DA:27,0
DA:28,0
DA:30,3
DA:33,1
DA:34,1
DA:35,1
DA:36,1
DA:37,1
DA:40,1
DA:43,2
DA:44,2
DA:45,2
DA:46,0
DA:47,0
DA:48,0
DA:49,0
DA:52,2
DA:53,2
DA:58,2
DA:61,3
DA:62,3
DA:65,0
DA:66,0
DA:67,0
DA:69,0
LF:37
LH:26
BRDA:25,0,0,0
BRDA:27,1,0,0
BRDA:34,2,0,1
BRDA:48,3,0,0
BRDA:48,4,0,0
BRDA:48,4,1,0
BRDA:52,5,0,2
BRF:7
BRH:2
end_of_record
TN:
SF:src\utils\Database\UserDatabase.ts
FN:14,(anonymous_1)
FN:24,(anonymous_2)
FN:30,(anonymous_3)
FN:43,(anonymous_4)
FN:44,(anonymous_5)
FN:50,(anonymous_6)
FN:59,(anonymous_7)
FNF:7
FNH:6
FNDA:3,(anonymous_1)
FNDA:1,(anonymous_2)
FNDA:2,(anonymous_3)
FNDA:2,(anonymous_4)
FNDA:2,(anonymous_5)
FNDA:0,(anonymous_6)
FNDA:2,(anonymous_7)
DA:2,7
DA:3,7
DA:4,7
DA:13,7
DA:15,3
DA:16,3
DA:17,1
DA:18,1
DA:19,1
DA:21,2
DA:25,1
DA:26,1
DA:27,1
DA:28,1
DA:31,2
DA:32,2
DA:33,2
DA:34,2
DA:35,0
DA:36,0
DA:37,0
DA:39,2
DA:41,0
DA:44,2
DA:45,2
DA:46,2
DA:48,2
DA:51,0
DA:52,0
DA:53,0
DA:54,0
DA:55,0
DA:57,0
DA:60,2
DA:61,2
LF:35
LH:25
BRDA:16,0,0,1
BRDA:18,1,0,0
BRDA:32,2,0,2
BRDA:34,3,0,0
BRDA:36,4,0,0
BRDA:52,5,0,0
BRDA:54,6,0,0
BRF:7
BRH:2
end_of_record
TN:
SF:src\utils\Database\VerificationCodeDatabase.ts
FN:20,(anonymous_1)
FN:26,(anonymous_2)
FN:31,(anonymous_3)
FN:41,(anonymous_4)
FN:43,(anonymous_5)
FN:52,(anonymous_6)
FNF:6
FNH:6
FNDA:4,(anonymous_1)
FNDA:2,(anonymous_2)
FNDA:1,(anonymous_3)
FNDA:2,(anonymous_4)
FNDA:2,(anonymous_5)
FNDA:2,(anonymous_6)
DA:1,7
DA:3,7
DA:4,7
DA:7,7
DA:19,7
DA:21,4
DA:22,4
DA:23,4
DA:24,4
DA:27,2
DA:28,2
DA:36,1
DA:38,1
DA:39,1
DA:40,1
DA:41,2
DA:43,2
DA:44,1
DA:46,0
DA:53,2
DA:54,2
DA:55,0
DA:56,0
DA:57,0
DA:59,2
LF:25
LH:21
BRDA:39,0,0,1
BRDA:43,1,0,2
BRDA:43,1,1,2
BRDA:43,1,2,0
BRDA:54,2,0,0
BRDA:54,3,0,2
BRDA:54,3,1,2
BRDA:54,3,2,2
BRDA:56,4,0,0
BRF:9
BRH:6
end_of_record
TN:
SF:src\utils\constants\env.ts
FN:2,(anonymous_0)
FNF:1
FNH:1
FNDA:212,(anonymous_0)
DA:1,16
DA:2,16
DA:3,212
DA:4,212
DA:5,2
DA:7,210
DA:9,16
DA:10,16
DA:11,16
DA:12,16
DA:13,16
DA:14,16
DA:15,16
DA:16,16
DA:17,16
DA:19,16
DA:20,16
DA:21,16
DA:22,16
LF:19
LH:19
BRDA:3,0,0,212
BRDA:3,0,1,35
BRDA:4,1,0,2
BRF:3
BRH:3
end_of_record
TN:
SF:src\utils\constants\http.ts
FN:1,(anonymous_0)
FNF:1
FNH:1
FNDA:13,(anonymous_0)
DA:1,13
DA:2,13
DA:3,13
DA:4,13
DA:5,13
DA:6,13
DA:7,13
DA:8,13
DA:9,13
DA:10,13
DA:11,13
LF:11
LH:11
BRDA:1,0,0,13
BRDA:1,0,1,13
BRF:2
BRH:2
end_of_record
TN:
SF:src\utils\helpers\Jwt.ts
FN:24,(anonymous_1)
FN:30,(anonymous_2)
FN:34,(anonymous_3)
FN:38,(anonymous_4)
FN:48,(anonymous_5)
FNF:5
FNH:5
FNDA:7,(anonymous_1)
FNDA:4,(anonymous_2)
FNDA:3,(anonymous_3)
FNDA:14,(anonymous_4)
FNDA:4,(anonymous_5)
DA:1,7
DA:5,7
DA:6,7
DA:7,7
DA:25,7
DA:26,7
DA:27,7
DA:28,7
DA:31,4
DA:32,4
DA:35,3
DA:36,3
DA:39,14
DA:41,14
DA:42,14
DA:44,12
DA:46,2
DA:49,4
DA:51,4
DA:52,4
DA:54,2
DA:56,2
DA:60,7
LF:23
LH:23
BRDA:31,0,0,4
BRDA:31,0,1,4
BRDA:35,1,0,3
BRDA:35,1,1,3
BRDA:39,2,0,14
BRDA:39,2,1,14
BRDA:49,3,0,4
BRDA:49,3,1,4
BRF:8
BRH:8
end_of_record
TN:
SF:src\utils\helpers\PasswordManage.ts
FN:2,(anonymous_1)
FN:3,(anonymous_2)
FN:5,(anonymous_3)
FNF:3
FNH:3
FNDA:4,(anonymous_1)
FNDA:1,(anonymous_2)
FNDA:5,(anonymous_3)
DA:1,9
DA:2,9
DA:3,4
DA:5,9
DA:6,5
LF:5
LH:5
BRDA:5,0,0,4
BRF:1
BRH:1
end_of_record
TN:
SF:src\utils\helpers\appAssert.ts
FN:8,(anonymous_1)
FNF:1
FNH:1
FNDA:62,(anonymous_1)
DA:1,11
DA:2,11
DA:8,11
DA:9,62
DA:11,11
LF:5
LH:5
BRF:0
BRH:0
end_of_record
TN:
SF:src\utils\helpers\appError.ts
FN:8,(anonymous_0)
FNF:1
FNH:1
FNDA:70,(anonymous_0)
DA:8,70
DA:9,70
DA:13,13
LF:3
LH:3
BRF:0
BRH:0
end_of_record
TN:
SF:src\utils\helpers\catchAsync.ts
FN:4,(anonymous_0)
FN:5,(anonymous_1)
FNF:2
FNH:2
FNDA:44,(anonymous_0)
FNDA:41,(anonymous_1)
DA:4,6
DA:5,44
DA:6,41
DA:7,41
DA:9,25
DA:13,6
LF:6
LH:6
BRF:0
BRH:0
end_of_record
TN:
SF:src\utils\helpers\cookies.ts
FN:29,(anonymous_0)
FN:35,(anonymous_1)
FN:39,(anonymous_2)
FN:44,(anonymous_3)
FNF:4
FNH:4
FNDA:3,(anonymous_0)
FNDA:4,(anonymous_1)
FNDA:4,(anonymous_2)
FNDA:3,(anonymous_3)
DA:2,6
DA:3,6
DA:5,6
DA:21,6
DA:23,6
DA:29,6
DA:30,3
DA:35,6
DA:36,4
DA:39,6
DA:44,6
DA:50,6
LF:12
LH:12
BRF:0
BRH:0
end_of_record
TN:
SF:src\utils\helpers\date.ts
FN:1,(anonymous_0)
FN:3,(anonymous_1)
FN:5,(anonymous_2)
FN:7,(anonymous_3)
FN:9,(anonymous_4)
FNF:5
FNH:5
FNDA:2,(anonymous_0)
FNDA:4,(anonymous_1)
FNDA:3,(anonymous_2)
FNDA:3,(anonymous_3)
FNDA:10,(anonymous_4)
DA:1,10
DA:3,10
DA:5,10
DA:7,10
DA:9,10
DA:11,10
LF:6
LH:6
BRF:0
BRH:0
end_of_record
